{"/home/adebayo/Desktop/Educore/educore-nextjs/app/api/admin/route.ts": {"path":"/home/adebayo/Desktop/Educore/educore-nextjs/app/api/admin/route.ts","statementMap":{"0":{"start":{"line":2,"column":0},"end":{"line":2,"column":49}},"1":{"start":{"line":3,"column":0},"end":{"line":3,"column":49}},"2":{"start":{"line":4,"column":0},"end":{"line":4,"column":55}},"3":{"start":{"line":7,"column":13},"end":{"line":23,"column":20}},"4":{"start":{"line":8,"column":2},"end":{"line":22,"column":3}},"5":{"start":{"line":9,"column":39},"end":{"line":13,"column":6}},"6":{"start":{"line":15,"column":4},"end":{"line":19,"column":7}},"7":{"start":{"line":21,"column":4},"end":{"line":21,"column":28}}},"fnMap":{"0":{"name":"(anonymous_0)","decl":{"start":{"line":7,"column":28},"end":{"line":7,"column":33}},"loc":{"start":{"line":7,"column":79},"end":{"line":23,"column":1}}}},"branchMap":{"0":{"loc":{"start":{"line":16,"column":20},"end":{"line":16,"column":39}},"type":"cond-expr","locations":[{"start":{"line":16,"column":34},"end":{"line":16,"column":38}},{"start":{"line":16,"column":38},"end":{"line":16,"column":39}}]},"1":{"loc":{"start":{"line":16,"column":20},"end":{"line":16,"column":38}},"type":"binary-expr","locations":[{"start":{"line":16,"column":20},"end":{"line":16,"column":38}},{"start":{"line":16,"column":34},"end":{"line":16,"column":38}}]},"2":{"loc":{"start":{"line":16,"column":20},"end":{"line":16,"column":34}},"type":"cond-expr","locations":[{"start":{"line":16,"column":27},"end":{"line":16,"column":29}},{"start":{"line":16,"column":20},"end":{"line":16,"column":34}}]},"3":{"loc":{"start":{"line":16,"column":20},"end":{"line":16,"column":29}},"type":"binary-expr","locations":[{"start":{"line":16,"column":20},"end":{"line":16,"column":29}},{"start":{"line":16,"column":20},"end":{"line":16,"column":29}}]},"4":{"loc":{"start":{"line":17,"column":24},"end":{"line":17,"column":41}},"type":"cond-expr","locations":[{"start":{"line":17,"column":36},"end":{"line":17,"column":40}},{"start":{"line":17,"column":40},"end":{"line":17,"column":41}}]},"5":{"loc":{"start":{"line":17,"column":24},"end":{"line":17,"column":40}},"type":"binary-expr","locations":[{"start":{"line":17,"column":24},"end":{"line":17,"column":40}},{"start":{"line":17,"column":36},"end":{"line":17,"column":40}}]},"6":{"loc":{"start":{"line":17,"column":24},"end":{"line":17,"column":36}},"type":"cond-expr","locations":[{"start":{"line":17,"column":29},"end":{"line":17,"column":31}},{"start":{"line":17,"column":24},"end":{"line":17,"column":36}}]},"7":{"loc":{"start":{"line":17,"column":24},"end":{"line":17,"column":31}},"type":"binary-expr","locations":[{"start":{"line":17,"column":24},"end":{"line":17,"column":31}},{"start":{"line":17,"column":24},"end":{"line":17,"column":31}}]}},"s":{"0":0,"1":0,"2":0,"3":0,"4":0,"5":0,"6":0,"7":0},"f":{"0":0},"b":{"0":[0,0],"1":[0,0],"2":[0,0],"3":[0,0],"4":[0,0],"5":[0,0],"6":[0,0],"7":[0,0]}}
,"/home/adebayo/Desktop/Educore/educore-nextjs/app/api/admin/payments/route.ts": {"path":"/home/adebayo/Desktop/Educore/educore-nextjs/app/api/admin/payments/route.ts","statementMap":{"0":{"start":{"line":2,"column":0},"end":{"line":2,"column":39}},"1":{"start":{"line":3,"column":0},"end":{"line":3,"column":67}},"2":{"start":{"line":4,"column":0},"end":{"line":4,"column":55}},"3":{"start":{"line":7,"column":13},"end":{"line":35,"column":2}},"4":{"start":{"line":9,"column":4},"end":{"line":32,"column":5}},"5":{"start":{"line":10,"column":31},"end":{"line":10,"column":47}},"6":{"start":{"line":11,"column":21},"end":{"line":11,"column":47}},"7":{"start":{"line":13,"column":57},"end":{"line":13,"column":59}},"8":{"start":{"line":14,"column":20},"end":{"line":14,"column":22}},"9":{"start":{"line":15,"column":6},"end":{"line":15,"column":73}},"10":{"start":{"line":15,"column":20},"end":{"line":15,"column":52}},"11":{"start":{"line":15,"column":53},"end":{"line":15,"column":71}},"12":{"start":{"line":17,"column":23},"end":{"line":26,"column":null}},"13":{"start":{"line":29,"column":6},"end":{"line":29,"column":26}},"14":{"start":{"line":31,"column":6},"end":{"line":31,"column":30}}},"fnMap":{"0":{"name":"(anonymous_0)","decl":{"start":{"line":8,"column":2},"end":{"line":8,"column":7}},"loc":{"start":{"line":8,"column":71},"end":{"line":33,"column":3}}}},"branchMap":{"0":{"loc":{"start":{"line":15,"column":6},"end":{"line":15,"column":73}},"type":"if","locations":[{"start":{"line":15,"column":6},"end":{"line":15,"column":73}}]}},"s":{"0":0,"1":0,"2":0,"3":0,"4":0,"5":0,"6":0,"7":0,"8":0,"9":0,"10":0,"11":0,"12":0,"13":0,"14":0},"f":{"0":0},"b":{"0":[0]}}
,"/home/adebayo/Desktop/Educore/educore-nextjs/app/api/admin/schools/route.ts": {"path":"/home/adebayo/Desktop/Educore/educore-nextjs/app/api/admin/schools/route.ts","statementMap":{"0":{"start":{"line":2,"column":0},"end":{"line":2,"column":49}},"1":{"start":{"line":3,"column":0},"end":{"line":3,"column":67}},"2":{"start":{"line":4,"column":0},"end":{"line":4,"column":55}},"3":{"start":{"line":7,"column":13},"end":{"line":39,"column":2}},"4":{"start":{"line":9,"column":4},"end":{"line":36,"column":5}},"5":{"start":{"line":10,"column":31},"end":{"line":10,"column":47}},"6":{"start":{"line":11,"column":21},"end":{"line":11,"column":47}},"7":{"start":{"line":13,"column":57},"end":{"line":13,"column":59}},"8":{"start":{"line":14,"column":20},"end":{"line":14,"column":22}},"9":{"start":{"line":15,"column":6},"end":{"line":15,"column":87}},"10":{"start":{"line":15,"column":20},"end":{"line":15,"column":66}},"11":{"start":{"line":15,"column":67},"end":{"line":15,"column":85}},"12":{"start":{"line":17,"column":22},"end":{"line":28,"column":null}},"13":{"start":{"line":31,"column":20},"end":{"line":31,"column":87}},"14":{"start":{"line":33,"column":6},"end":{"line":33,"column":51}},"15":{"start":{"line":35,"column":6},"end":{"line":35,"column":30}}},"fnMap":{"0":{"name":"(anonymous_0)","decl":{"start":{"line":8,"column":2},"end":{"line":8,"column":7}},"loc":{"start":{"line":8,"column":71},"end":{"line":37,"column":3}}}},"branchMap":{"0":{"loc":{"start":{"line":15,"column":6},"end":{"line":15,"column":87}},"type":"if","locations":[{"start":{"line":15,"column":6},"end":{"line":15,"column":87}}]},"1":{"loc":{"start":{"line":33,"column":34},"end":{"line":33,"column":47}},"type":"cond-expr","locations":[{"start":{"line":33,"column":42},"end":{"line":33,"column":46}},{"start":{"line":33,"column":46},"end":{"line":33,"column":47}}]},"2":{"loc":{"start":{"line":33,"column":34},"end":{"line":33,"column":46}},"type":"binary-expr","locations":[{"start":{"line":33,"column":34},"end":{"line":33,"column":46}},{"start":{"line":33,"column":42},"end":{"line":33,"column":46}}]},"3":{"loc":{"start":{"line":33,"column":34},"end":{"line":33,"column":42}},"type":"cond-expr","locations":[{"start":{"line":33,"column":39},"end":{"line":33,"column":41}},{"start":{"line":33,"column":34},"end":{"line":33,"column":42}}]},"4":{"loc":{"start":{"line":33,"column":34},"end":{"line":33,"column":41}},"type":"binary-expr","locations":[{"start":{"line":33,"column":34},"end":{"line":33,"column":41}},{"start":{"line":33,"column":34},"end":{"line":33,"column":41}}]}},"s":{"0":0,"1":0,"2":0,"3":0,"4":0,"5":0,"6":0,"7":0,"8":0,"9":0,"10":0,"11":0,"12":0,"13":0,"14":0,"15":0},"f":{"0":0},"b":{"0":[0],"1":[0,0],"2":[0,0],"3":[0,0],"4":[0,0]}}
,"/home/adebayo/Desktop/Educore/educore-nextjs/app/api/admin/test-email/route.ts": {"path":"/home/adebayo/Desktop/Educore/educore-nextjs/app/api/admin/test-email/route.ts","statementMap":{"0":{"start":{"line":2,"column":0},"end":{"line":2,"column":67}},"1":{"start":{"line":3,"column":0},"end":{"line":3,"column":67}},"2":{"start":{"line":4,"column":0},"end":{"line":4,"column":49}},"3":{"start":{"line":7,"column":13},"end":{"line":45,"column":2}},"4":{"start":{"line":9,"column":4},"end":{"line":42,"column":5}},"5":{"start":{"line":10,"column":21},"end":{"line":10,"column":37}},"6":{"start":{"line":11,"column":24},"end":{"line":11,"column":40}},"7":{"start":{"line":12,"column":6},"end":{"line":12,"column":62}},"8":{"start":{"line":12,"column":22},"end":{"line":12,"column":62}},"9":{"start":{"line":14,"column":21},"end":{"line":14,"column":85}},"10":{"start":{"line":16,"column":6},"end":{"line":36,"column":8}},"11":{"start":{"line":38,"column":6},"end":{"line":38,"column":72}},"12":{"start":{"line":40,"column":22},"end":{"line":40,"column":78}},"13":{"start":{"line":41,"column":6},"end":{"line":41,"column":62}}},"fnMap":{"0":{"name":"(anonymous_0)","decl":{"start":{"line":8,"column":2},"end":{"line":8,"column":7}},"loc":{"start":{"line":8,"column":75},"end":{"line":43,"column":3}}}},"branchMap":{"0":{"loc":{"start":{"line":11,"column":24},"end":{"line":11,"column":40}},"type":"binary-expr","locations":[{"start":{"line":11,"column":24},"end":{"line":11,"column":26}},{"start":{"line":11,"column":30},"end":{"line":11,"column":40}}]},"1":{"loc":{"start":{"line":12,"column":6},"end":{"line":12,"column":62}},"type":"if","locations":[{"start":{"line":12,"column":6},"end":{"line":12,"column":62}}]},"2":{"loc":{"start":{"line":40,"column":22},"end":{"line":40,"column":78}},"type":"cond-expr","locations":[{"start":{"line":40,"column":45},"end":{"line":40,"column":56}},{"start":{"line":40,"column":59},"end":{"line":40,"column":78}}]}},"s":{"0":0,"1":0,"2":0,"3":0,"4":0,"5":0,"6":0,"7":0,"8":0,"9":0,"10":0,"11":0,"12":0,"13":0},"f":{"0":0},"b":{"0":[0,0],"1":[0],"2":[0,0]}}
,"/home/adebayo/Desktop/Educore/educore-nextjs/app/api/admin/users/[id]/route.ts": {"path":"/home/adebayo/Desktop/Educore/educore-nextjs/app/api/admin/users/[id]/route.ts","statementMap":{"0":{"start":{"line":2,"column":0},"end":{"line":2,"column":51}},"1":{"start":{"line":3,"column":0},"end":{"line":3,"column":67}},"2":{"start":{"line":4,"column":0},"end":{"line":4,"column":65}},"3":{"start":{"line":7,"column":13},"end":{"line":34,"column":2}},"4":{"start":{"line":9,"column":4},"end":{"line":31,"column":5}},"5":{"start":{"line":10,"column":17},"end":{"line":10,"column":33}},"6":{"start":{"line":11,"column":23},"end":{"line":11,"column":80}},"7":{"start":{"line":12,"column":6},"end":{"line":12,"column":55}},"8":{"start":{"line":12,"column":21},"end":{"line":12,"column":55}},"9":{"start":{"line":14,"column":34},"end":{"line":14,"column":50}},"10":{"start":{"line":16,"column":32},"end":{"line":16,"column":34}},"11":{"start":{"line":17,"column":57},"end":{"line":17,"column":59}},"12":{"start":{"line":19,"column":6},"end":{"line":19,"column":99}},"13":{"start":{"line":19,"column":37},"end":{"line":19,"column":67}},"14":{"start":{"line":19,"column":68},"end":{"line":19,"column":97}},"15":{"start":{"line":20,"column":6},"end":{"line":20,"column":68}},"16":{"start":{"line":20,"column":24},"end":{"line":20,"column":49}},"17":{"start":{"line":20,"column":50},"end":{"line":20,"column":66}},"18":{"start":{"line":22,"column":6},"end":{"line":26,"column":7}},"19":{"start":{"line":23,"column":8},"end":{"line":23,"column":53}},"20":{"start":{"line":24,"column":8},"end":{"line":24,"column":22}},"21":{"start":{"line":25,"column":8},"end":{"line":25,"column":83}},"22":{"start":{"line":28,"column":6},"end":{"line":28,"column":39}},"23":{"start":{"line":30,"column":6},"end":{"line":30,"column":30}}},"fnMap":{"0":{"name":"(anonymous_0)","decl":{"start":{"line":8,"column":2},"end":{"line":8,"column":7}},"loc":{"start":{"line":8,"column":79},"end":{"line":32,"column":3}}}},"branchMap":{"0":{"loc":{"start":{"line":10,"column":17},"end":{"line":10,"column":33}},"type":"cond-expr","locations":[{"start":{"line":10,"column":27},"end":{"line":10,"column":31}},{"start":{"line":10,"column":31},"end":{"line":10,"column":33}}]},"1":{"loc":{"start":{"line":10,"column":17},"end":{"line":10,"column":31}},"type":"binary-expr","locations":[{"start":{"line":10,"column":17},"end":{"line":10,"column":31}},{"start":{"line":10,"column":27},"end":{"line":10,"column":31}}]},"2":{"loc":{"start":{"line":10,"column":17},"end":{"line":10,"column":27}},"type":"cond-expr","locations":[{"start":{"line":10,"column":23},"end":{"line":10,"column":25}},{"start":{"line":10,"column":17},"end":{"line":10,"column":27}}]},"3":{"loc":{"start":{"line":10,"column":17},"end":{"line":10,"column":25}},"type":"binary-expr","locations":[{"start":{"line":10,"column":17},"end":{"line":10,"column":25}},{"start":{"line":10,"column":17},"end":{"line":10,"column":25}}]},"4":{"loc":{"start":{"line":12,"column":6},"end":{"line":12,"column":55}},"type":"if","locations":[{"start":{"line":12,"column":6},"end":{"line":12,"column":55}}]},"5":{"loc":{"start":{"line":19,"column":6},"end":{"line":19,"column":99}},"type":"if","locations":[{"start":{"line":19,"column":6},"end":{"line":19,"column":99}}]},"6":{"loc":{"start":{"line":19,"column":78},"end":{"line":19,"column":95}},"type":"cond-expr","locations":[{"start":{"line":19,"column":90},"end":{"line":19,"column":91}},{"start":{"line":19,"column":94},"end":{"line":19,"column":95}}]},"7":{"loc":{"start":{"line":20,"column":6},"end":{"line":20,"column":68}},"type":"if","locations":[{"start":{"line":20,"column":6},"end":{"line":20,"column":68}}]},"8":{"loc":{"start":{"line":22,"column":6},"end":{"line":26,"column":7}},"type":"if","locations":[{"start":{"line":22,"column":6},"end":{"line":26,"column":7}}]}},"s":{"0":0,"1":0,"2":0,"3":0,"4":0,"5":0,"6":0,"7":0,"8":0,"9":0,"10":0,"11":0,"12":0,"13":0,"14":0,"15":0,"16":0,"17":0,"18":0,"19":0,"20":0,"21":0,"22":0,"23":0},"f":{"0":0},"b":{"0":[0,0],"1":[0,0],"2":[0,0],"3":[0,0],"4":[0],"5":[0],"6":[0,0],"7":[0],"8":[0]}}
,"/home/adebayo/Desktop/Educore/educore-nextjs/app/api/ai/route.ts": {"path":"/home/adebayo/Desktop/Educore/educore-nextjs/app/api/ai/route.ts","statementMap":{"0":{"start":{"line":1,"column":0},"end":{"line":1,"column":56}},"1":{"start":{"line":2,"column":0},"end":{"line":2,"column":51}},"2":{"start":{"line":3,"column":0},"end":{"line":3,"column":65}},"3":{"start":{"line":4,"column":0},"end":{"line":4,"column":67}},"4":{"start":{"line":5,"column":0},"end":{"line":5,"column":67}},"5":{"start":{"line":8,"column":13},"end":{"line":49,"column":87}},"6":{"start":{"line":9,"column":2},"end":{"line":48,"column":3}},"7":{"start":{"line":10,"column":4},"end":{"line":10,"column":62}},"8":{"start":{"line":10,"column":17},"end":{"line":10,"column":62}},"9":{"start":{"line":12,"column":23},"end":{"line":14,"column":null}},"10":{"start":{"line":17,"column":4},"end":{"line":19,"column":5}},"11":{"start":{"line":18,"column":6},"end":{"line":18,"column":104}},"12":{"start":{"line":21,"column":29},"end":{"line":21,"column":45}},"13":{"start":{"line":22,"column":4},"end":{"line":22,"column":57}},"14":{"start":{"line":22,"column":17},"end":{"line":22,"column":57}},"15":{"start":{"line":25,"column":22},"end":{"line":25,"column":65}},"16":{"start":{"line":25,"column":23},"end":{"line":25,"column":56}},"17":{"start":{"line":26,"column":19},"end":{"line":26,"column":75}},"18":{"start":{"line":28,"column":20},"end":{"line":32,"column":6}},"19":{"start":{"line":34,"column":23},"end":{"line":34,"column":82}},"20":{"start":{"line":35,"column":4},"end":{"line":38,"column":6}},"21":{"start":{"line":40,"column":20},"end":{"line":40,"column":38}},"22":{"start":{"line":41,"column":4},"end":{"line":45,"column":7}},"23":{"start":{"line":47,"column":4},"end":{"line":47,"column":28}}},"fnMap":{"0":{"name":"(anonymous_9)","decl":{"start":{"line":8,"column":50},"end":{"line":8,"column":55}},"loc":{"start":{"line":8,"column":125},"end":{"line":49,"column":1}}},"1":{"name":"(anonymous_10)","decl":{"start":{"line":25,"column":23},"end":{"line":25,"column":36}},"loc":{"start":{"line":25,"column":23},"end":{"line":25,"column":56}}}},"branchMap":{"0":{"loc":{"start":{"line":10,"column":4},"end":{"line":10,"column":62}},"type":"if","locations":[{"start":{"line":10,"column":4},"end":{"line":10,"column":62}}]},"1":{"loc":{"start":{"line":17,"column":4},"end":{"line":19,"column":5}},"type":"if","locations":[{"start":{"line":17,"column":4},"end":{"line":19,"column":5}}]},"2":{"loc":{"start":{"line":17,"column":9},"end":{"line":17,"column":40}},"type":"cond-expr","locations":[{"start":{"line":17,"column":35},"end":{"line":17,"column":39}},{"start":{"line":17,"column":39},"end":{"line":17,"column":40}}]},"3":{"loc":{"start":{"line":17,"column":9},"end":{"line":17,"column":39}},"type":"binary-expr","locations":[{"start":{"line":17,"column":9},"end":{"line":17,"column":39}},{"start":{"line":17,"column":35},"end":{"line":17,"column":39}}]},"4":{"loc":{"start":{"line":17,"column":9},"end":{"line":17,"column":35}},"type":"cond-expr","locations":[{"start":{"line":17,"column":19},"end":{"line":17,"column":21}},{"start":{"line":17,"column":9},"end":{"line":17,"column":35}}]},"5":{"loc":{"start":{"line":17,"column":9},"end":{"line":17,"column":21}},"type":"binary-expr","locations":[{"start":{"line":17,"column":9},"end":{"line":17,"column":21}},{"start":{"line":17,"column":9},"end":{"line":17,"column":21}}]},"6":{"loc":{"start":{"line":17,"column":46},"end":{"line":17,"column":83}},"type":"cond-expr","locations":[{"start":{"line":17,"column":73},"end":{"line":17,"column":77}},{"start":{"line":17,"column":77},"end":{"line":17,"column":83}}]},"7":{"loc":{"start":{"line":17,"column":46},"end":{"line":17,"column":77}},"type":"binary-expr","locations":[{"start":{"line":17,"column":46},"end":{"line":17,"column":77}},{"start":{"line":17,"column":73},"end":{"line":17,"column":77}}]},"8":{"loc":{"start":{"line":17,"column":46},"end":{"line":17,"column":73}},"type":"cond-expr","locations":[{"start":{"line":17,"column":56},"end":{"line":17,"column":58}},{"start":{"line":17,"column":46},"end":{"line":17,"column":73}}]},"9":{"loc":{"start":{"line":17,"column":46},"end":{"line":17,"column":58}},"type":"binary-expr","locations":[{"start":{"line":17,"column":46},"end":{"line":17,"column":58}},{"start":{"line":17,"column":46},"end":{"line":17,"column":58}}]},"10":{"loc":{"start":{"line":22,"column":4},"end":{"line":22,"column":57}},"type":"if","locations":[{"start":{"line":22,"column":4},"end":{"line":22,"column":57}}]},"11":{"loc":{"start":{"line":34,"column":23},"end":{"line":34,"column":50}},"type":"cond-expr","locations":[{"start":{"line":34,"column":36},"end":{"line":34,"column":38}},{"start":{"line":34,"column":36},"end":{"line":34,"column":50}}]},"12":{"loc":{"start":{"line":34,"column":23},"end":{"line":34,"column":38}},"type":"binary-expr","locations":[{"start":{"line":34,"column":23},"end":{"line":34,"column":38}},{"start":{"line":34,"column":36},"end":{"line":34,"column":38}}]},"13":{"loc":{"start":{"line":34,"column":53},"end":{"line":34,"column":81}},"type":"cond-expr","locations":[{"start":{"line":34,"column":66},"end":{"line":34,"column":68}},{"start":{"line":34,"column":66},"end":{"line":34,"column":81}}]},"14":{"loc":{"start":{"line":34,"column":53},"end":{"line":34,"column":68}},"type":"binary-expr","locations":[{"start":{"line":34,"column":53},"end":{"line":34,"column":68}},{"start":{"line":34,"column":66},"end":{"line":34,"column":68}}]},"15":{"loc":{"start":{"line":42,"column":14},"end":{"line":42,"column":57}},"type":"cond-expr","locations":[{"start":{"line":42,"column":40},"end":{"line":42,"column":52}},{"start":{"line":42,"column":55},"end":{"line":42,"column":57}}]}},"s":{"0":0,"1":0,"2":0,"3":0,"4":0,"5":0,"6":0,"7":0,"8":0,"9":0,"10":0,"11":0,"12":0,"13":0,"14":0,"15":0,"16":0,"17":0,"18":0,"19":0,"20":0,"21":0,"22":0,"23":0},"f":{"0":0,"1":0},"b":{"0":[0],"1":[0],"2":[0,0],"3":[0,0],"4":[0,0],"5":[0,0],"6":[0,0],"7":[0,0],"8":[0,0],"9":[0,0],"10":[0],"11":[0,0],"12":[0,0],"13":[0,0],"14":[0,0],"15":[0,0]}}
,"/home/adebayo/Desktop/Educore/educore-nextjs/app/api/analytics/route.ts": {"path":"/home/adebayo/Desktop/Educore/educore-nextjs/app/api/analytics/route.ts","statementMap":{"0":{"start":{"line":2,"column":0},"end":{"line":2,"column":42}},"1":{"start":{"line":3,"column":0},"end":{"line":3,"column":65}},"2":{"start":{"line":4,"column":0},"end":{"line":4,"column":67}},"3":{"start":{"line":5,"column":0},"end":{"line":5,"column":67}},"4":{"start":{"line":8,"column":13},"end":{"line":44,"column":4}},"5":{"start":{"line":9,"column":2},"end":{"line":43,"column":3}},"6":{"start":{"line":10,"column":4},"end":{"line":10,"column":62}},"7":{"start":{"line":10,"column":17},"end":{"line":10,"column":62}},"8":{"start":{"line":13,"column":6},"end":{"line":29,"column":8}},"9":{"start":{"line":31,"column":4},"end":{"line":40,"column":7}},"10":{"start":{"line":42,"column":4},"end":{"line":42,"column":28}}},"fnMap":{"0":{"name":"(anonymous_0)","decl":{"start":{"line":8,"column":56},"end":{"line":8,"column":61}},"loc":{"start":{"line":8,"column":132},"end":{"line":44,"column":1}}}},"branchMap":{"0":{"loc":{"start":{"line":10,"column":4},"end":{"line":10,"column":62}},"type":"if","locations":[{"start":{"line":10,"column":4},"end":{"line":10,"column":62}}]},"1":{"loc":{"start":{"line":32,"column":16},"end":{"line":32,"column":36}},"type":"cond-expr","locations":[{"start":{"line":32,"column":31},"end":{"line":32,"column":35}},{"start":{"line":32,"column":35},"end":{"line":32,"column":36}}]},"2":{"loc":{"start":{"line":32,"column":16},"end":{"line":32,"column":35}},"type":"binary-expr","locations":[{"start":{"line":32,"column":16},"end":{"line":32,"column":35}},{"start":{"line":32,"column":31},"end":{"line":32,"column":35}}]},"3":{"loc":{"start":{"line":32,"column":16},"end":{"line":32,"column":31}},"type":"cond-expr","locations":[{"start":{"line":32,"column":24},"end":{"line":32,"column":26}},{"start":{"line":32,"column":16},"end":{"line":32,"column":31}}]},"4":{"loc":{"start":{"line":32,"column":16},"end":{"line":32,"column":26}},"type":"binary-expr","locations":[{"start":{"line":32,"column":16},"end":{"line":32,"column":26}},{"start":{"line":32,"column":16},"end":{"line":32,"column":26}}]},"5":{"loc":{"start":{"line":33,"column":16},"end":{"line":33,"column":36}},"type":"cond-expr","locations":[{"start":{"line":33,"column":31},"end":{"line":33,"column":35}},{"start":{"line":33,"column":35},"end":{"line":33,"column":36}}]},"6":{"loc":{"start":{"line":33,"column":16},"end":{"line":33,"column":35}},"type":"binary-expr","locations":[{"start":{"line":33,"column":16},"end":{"line":33,"column":35}},{"start":{"line":33,"column":31},"end":{"line":33,"column":35}}]},"7":{"loc":{"start":{"line":33,"column":16},"end":{"line":33,"column":31}},"type":"cond-expr","locations":[{"start":{"line":33,"column":24},"end":{"line":33,"column":26}},{"start":{"line":33,"column":16},"end":{"line":33,"column":31}}]},"8":{"loc":{"start":{"line":33,"column":16},"end":{"line":33,"column":26}},"type":"binary-expr","locations":[{"start":{"line":33,"column":16},"end":{"line":33,"column":26}},{"start":{"line":33,"column":16},"end":{"line":33,"column":26}}]},"9":{"loc":{"start":{"line":34,"column":15},"end":{"line":34,"column":34}},"type":"cond-expr","locations":[{"start":{"line":34,"column":29},"end":{"line":34,"column":33}},{"start":{"line":34,"column":33},"end":{"line":34,"column":34}}]},"10":{"loc":{"start":{"line":34,"column":15},"end":{"line":34,"column":33}},"type":"binary-expr","locations":[{"start":{"line":34,"column":15},"end":{"line":34,"column":33}},{"start":{"line":34,"column":29},"end":{"line":34,"column":33}}]},"11":{"loc":{"start":{"line":34,"column":15},"end":{"line":34,"column":29}},"type":"cond-expr","locations":[{"start":{"line":34,"column":22},"end":{"line":34,"column":24}},{"start":{"line":34,"column":15},"end":{"line":34,"column":29}}]},"12":{"loc":{"start":{"line":34,"column":15},"end":{"line":34,"column":24}},"type":"binary-expr","locations":[{"start":{"line":34,"column":15},"end":{"line":34,"column":24}},{"start":{"line":34,"column":15},"end":{"line":34,"column":24}}]},"13":{"loc":{"start":{"line":35,"column":15},"end":{"line":35,"column":34}},"type":"cond-expr","locations":[{"start":{"line":35,"column":29},"end":{"line":35,"column":33}},{"start":{"line":35,"column":33},"end":{"line":35,"column":34}}]},"14":{"loc":{"start":{"line":35,"column":15},"end":{"line":35,"column":33}},"type":"binary-expr","locations":[{"start":{"line":35,"column":15},"end":{"line":35,"column":33}},{"start":{"line":35,"column":29},"end":{"line":35,"column":33}}]},"15":{"loc":{"start":{"line":35,"column":15},"end":{"line":35,"column":29}},"type":"cond-expr","locations":[{"start":{"line":35,"column":22},"end":{"line":35,"column":24}},{"start":{"line":35,"column":15},"end":{"line":35,"column":29}}]},"16":{"loc":{"start":{"line":35,"column":15},"end":{"line":35,"column":24}},"type":"binary-expr","locations":[{"start":{"line":35,"column":15},"end":{"line":35,"column":24}},{"start":{"line":35,"column":15},"end":{"line":35,"column":24}}]},"17":{"loc":{"start":{"line":36,"column":16},"end":{"line":36,"column":36}},"type":"cond-expr","locations":[{"start":{"line":36,"column":31},"end":{"line":36,"column":35}},{"start":{"line":36,"column":35},"end":{"line":36,"column":36}}]},"18":{"loc":{"start":{"line":36,"column":16},"end":{"line":36,"column":35}},"type":"binary-expr","locations":[{"start":{"line":36,"column":16},"end":{"line":36,"column":35}},{"start":{"line":36,"column":31},"end":{"line":36,"column":35}}]},"19":{"loc":{"start":{"line":36,"column":16},"end":{"line":36,"column":31}},"type":"cond-expr","locations":[{"start":{"line":36,"column":24},"end":{"line":36,"column":26}},{"start":{"line":36,"column":16},"end":{"line":36,"column":31}}]},"20":{"loc":{"start":{"line":36,"column":16},"end":{"line":36,"column":26}},"type":"binary-expr","locations":[{"start":{"line":36,"column":16},"end":{"line":36,"column":26}},{"start":{"line":36,"column":16},"end":{"line":36,"column":26}}]},"21":{"loc":{"start":{"line":37,"column":21},"end":{"line":37,"column":46}},"type":"cond-expr","locations":[{"start":{"line":37,"column":41},"end":{"line":37,"column":45}},{"start":{"line":37,"column":45},"end":{"line":37,"column":46}}]},"22":{"loc":{"start":{"line":37,"column":21},"end":{"line":37,"column":45}},"type":"binary-expr","locations":[{"start":{"line":37,"column":21},"end":{"line":37,"column":45}},{"start":{"line":37,"column":41},"end":{"line":37,"column":45}}]},"23":{"loc":{"start":{"line":37,"column":21},"end":{"line":37,"column":41}},"type":"cond-expr","locations":[{"start":{"line":37,"column":34},"end":{"line":37,"column":36}},{"start":{"line":37,"column":21},"end":{"line":37,"column":41}}]},"24":{"loc":{"start":{"line":37,"column":21},"end":{"line":37,"column":36}},"type":"binary-expr","locations":[{"start":{"line":37,"column":21},"end":{"line":37,"column":36}},{"start":{"line":37,"column":21},"end":{"line":37,"column":36}}]},"25":{"loc":{"start":{"line":38,"column":31},"end":{"line":38,"column":56}},"type":"cond-expr","locations":[{"start":{"line":38,"column":51},"end":{"line":38,"column":55}},{"start":{"line":38,"column":55},"end":{"line":38,"column":56}}]},"26":{"loc":{"start":{"line":38,"column":31},"end":{"line":38,"column":55}},"type":"binary-expr","locations":[{"start":{"line":38,"column":31},"end":{"line":38,"column":55}},{"start":{"line":38,"column":51},"end":{"line":38,"column":55}}]},"27":{"loc":{"start":{"line":38,"column":31},"end":{"line":38,"column":51}},"type":"cond-expr","locations":[{"start":{"line":38,"column":45},"end":{"line":38,"column":47}},{"start":{"line":38,"column":31},"end":{"line":38,"column":51}}]},"28":{"loc":{"start":{"line":38,"column":31},"end":{"line":38,"column":47}},"type":"binary-expr","locations":[{"start":{"line":38,"column":31},"end":{"line":38,"column":47}},{"start":{"line":38,"column":31},"end":{"line":38,"column":47}}]},"29":{"loc":{"start":{"line":39,"column":23},"end":{"line":39,"column":45}},"type":"cond-expr","locations":[{"start":{"line":39,"column":40},"end":{"line":39,"column":44}},{"start":{"line":39,"column":44},"end":{"line":39,"column":45}}]},"30":{"loc":{"start":{"line":39,"column":23},"end":{"line":39,"column":44}},"type":"binary-expr","locations":[{"start":{"line":39,"column":23},"end":{"line":39,"column":44}},{"start":{"line":39,"column":40},"end":{"line":39,"column":44}}]},"31":{"loc":{"start":{"line":39,"column":23},"end":{"line":39,"column":40}},"type":"cond-expr","locations":[{"start":{"line":39,"column":33},"end":{"line":39,"column":35}},{"start":{"line":39,"column":23},"end":{"line":39,"column":40}}]},"32":{"loc":{"start":{"line":39,"column":23},"end":{"line":39,"column":35}},"type":"binary-expr","locations":[{"start":{"line":39,"column":23},"end":{"line":39,"column":35}},{"start":{"line":39,"column":23},"end":{"line":39,"column":35}}]}},"s":{"0":0,"1":0,"2":0,"3":0,"4":0,"5":0,"6":0,"7":0,"8":0,"9":0,"10":0},"f":{"0":0},"b":{"0":[0],"1":[0,0],"2":[0,0],"3":[0,0],"4":[0,0],"5":[0,0],"6":[0,0],"7":[0,0],"8":[0,0],"9":[0,0],"10":[0,0],"11":[0,0],"12":[0,0],"13":[0,0],"14":[0,0],"15":[0,0],"16":[0,0],"17":[0,0],"18":[0,0],"19":[0,0],"20":[0,0],"21":[0,0],"22":[0,0],"23":[0,0],"24":[0,0],"25":[0,0],"26":[0,0],"27":[0,0],"28":[0,0],"29":[0,0],"30":[0,0],"31":[0,0],"32":[0,0]}}
,"/home/adebayo/Desktop/Educore/educore-nextjs/app/api/analytics/attendance/route.ts": {"path":"/home/adebayo/Desktop/Educore/educore-nextjs/app/api/analytics/attendance/route.ts","statementMap":{"0":{"start":{"line":2,"column":0},"end":{"line":2,"column":49}},"1":{"start":{"line":3,"column":0},"end":{"line":3,"column":65}},"2":{"start":{"line":4,"column":0},"end":{"line":4,"column":67}},"3":{"start":{"line":5,"column":0},"end":{"line":5,"column":67}},"4":{"start":{"line":7,"column":13},"end":{"line":35,"column":4}},"5":{"start":{"line":8,"column":2},"end":{"line":34,"column":3}},"6":{"start":{"line":9,"column":4},"end":{"line":9,"column":62}},"7":{"start":{"line":9,"column":17},"end":{"line":9,"column":62}},"8":{"start":{"line":10,"column":16},"end":{"line":10,"column":25}},"9":{"start":{"line":12,"column":31},"end":{"line":25,"column":6}},"10":{"start":{"line":27,"column":4},"end":{"line":31,"column":7}},"11":{"start":{"line":33,"column":4},"end":{"line":33,"column":28}}},"fnMap":{"0":{"name":"(anonymous_0)","decl":{"start":{"line":7,"column":56},"end":{"line":7,"column":61}},"loc":{"start":{"line":7,"column":132},"end":{"line":35,"column":1}}}},"branchMap":{"0":{"loc":{"start":{"line":9,"column":4},"end":{"line":9,"column":62}},"type":"if","locations":[{"start":{"line":9,"column":4},"end":{"line":9,"column":62}}]},"1":{"loc":{"start":{"line":28,"column":16},"end":{"line":28,"column":34}},"type":"cond-expr","locations":[{"start":{"line":28,"column":29},"end":{"line":28,"column":33}},{"start":{"line":28,"column":33},"end":{"line":28,"column":34}}]},"2":{"loc":{"start":{"line":28,"column":16},"end":{"line":28,"column":33}},"type":"binary-expr","locations":[{"start":{"line":28,"column":16},"end":{"line":28,"column":33}},{"start":{"line":28,"column":29},"end":{"line":28,"column":33}}]},"3":{"loc":{"start":{"line":28,"column":16},"end":{"line":28,"column":29}},"type":"cond-expr","locations":[{"start":{"line":28,"column":23},"end":{"line":28,"column":25}},{"start":{"line":28,"column":16},"end":{"line":28,"column":29}}]},"4":{"loc":{"start":{"line":28,"column":16},"end":{"line":28,"column":25}},"type":"binary-expr","locations":[{"start":{"line":28,"column":16},"end":{"line":28,"column":25}},{"start":{"line":28,"column":16},"end":{"line":28,"column":25}}]}},"s":{"0":0,"1":0,"2":0,"3":0,"4":0,"5":0,"6":0,"7":0,"8":0,"9":0,"10":0,"11":0},"f":{"0":0},"b":{"0":[0],"1":[0,0],"2":[0,0],"3":[0,0],"4":[0,0]}}
,"/home/adebayo/Desktop/Educore/educore-nextjs/app/api/analytics/dashboard/route.ts": {"path":"/home/adebayo/Desktop/Educore/educore-nextjs/app/api/analytics/dashboard/route.ts","statementMap":{"0":{"start":{"line":2,"column":0},"end":{"line":2,"column":49}},"1":{"start":{"line":3,"column":0},"end":{"line":3,"column":65}},"2":{"start":{"line":4,"column":0},"end":{"line":4,"column":67}},"3":{"start":{"line":5,"column":0},"end":{"line":5,"column":67}},"4":{"start":{"line":7,"column":13},"end":{"line":68,"column":4}},"5":{"start":{"line":8,"column":2},"end":{"line":67,"column":3}},"6":{"start":{"line":9,"column":4},"end":{"line":9,"column":62}},"7":{"start":{"line":9,"column":17},"end":{"line":9,"column":62}},"8":{"start":{"line":10,"column":16},"end":{"line":10,"column":25}},"9":{"start":{"line":17,"column":8},"end":{"line":40,"column":6}},"10":{"start":{"line":42,"column":22},"end":{"line":42,"column":46}},"11":{"start":{"line":43,"column":20},"end":{"line":43,"column":42}},"12":{"start":{"line":44,"column":18},"end":{"line":44,"column":37}},"13":{"start":{"line":45,"column":27},"end":{"line":45,"column":80}},"14":{"start":{"line":47,"column":4},"end":{"line":64,"column":7}},"15":{"start":{"line":66,"column":4},"end":{"line":66,"column":28}}},"fnMap":{"0":{"name":"(anonymous_0)","decl":{"start":{"line":7,"column":56},"end":{"line":7,"column":61}},"loc":{"start":{"line":7,"column":132},"end":{"line":68,"column":1}}}},"branchMap":{"0":{"loc":{"start":{"line":9,"column":4},"end":{"line":9,"column":62}},"type":"if","locations":[{"start":{"line":9,"column":4},"end":{"line":9,"column":62}}]},"1":{"loc":{"start":{"line":42,"column":22},"end":{"line":42,"column":46}},"type":"cond-expr","locations":[{"start":{"line":42,"column":41},"end":{"line":42,"column":45}},{"start":{"line":42,"column":45},"end":{"line":42,"column":46}}]},"2":{"loc":{"start":{"line":42,"column":22},"end":{"line":42,"column":45}},"type":"binary-expr","locations":[{"start":{"line":42,"column":22},"end":{"line":42,"column":45}},{"start":{"line":42,"column":41},"end":{"line":42,"column":45}}]},"3":{"loc":{"start":{"line":42,"column":22},"end":{"line":42,"column":41}},"type":"cond-expr","locations":[{"start":{"line":42,"column":34},"end":{"line":42,"column":36}},{"start":{"line":42,"column":22},"end":{"line":42,"column":41}}]},"4":{"loc":{"start":{"line":42,"column":22},"end":{"line":42,"column":36}},"type":"binary-expr","locations":[{"start":{"line":42,"column":22},"end":{"line":42,"column":36}},{"start":{"line":42,"column":22},"end":{"line":42,"column":36}}]},"5":{"loc":{"start":{"line":43,"column":20},"end":{"line":43,"column":42}},"type":"cond-expr","locations":[{"start":{"line":43,"column":37},"end":{"line":43,"column":41}},{"start":{"line":43,"column":41},"end":{"line":43,"column":42}}]},"6":{"loc":{"start":{"line":43,"column":20},"end":{"line":43,"column":41}},"type":"binary-expr","locations":[{"start":{"line":43,"column":20},"end":{"line":43,"column":41}},{"start":{"line":43,"column":37},"end":{"line":43,"column":41}}]},"7":{"loc":{"start":{"line":43,"column":20},"end":{"line":43,"column":37}},"type":"cond-expr","locations":[{"start":{"line":43,"column":30},"end":{"line":43,"column":32}},{"start":{"line":43,"column":20},"end":{"line":43,"column":37}}]},"8":{"loc":{"start":{"line":43,"column":20},"end":{"line":43,"column":32}},"type":"binary-expr","locations":[{"start":{"line":43,"column":20},"end":{"line":43,"column":32}},{"start":{"line":43,"column":20},"end":{"line":43,"column":32}}]},"9":{"loc":{"start":{"line":45,"column":27},"end":{"line":45,"column":80}},"type":"cond-expr","locations":[{"start":{"line":45,"column":39},"end":{"line":45,"column":76}},{"start":{"line":45,"column":79},"end":{"line":45,"column":80}}]},"10":{"loc":{"start":{"line":48,"column":21},"end":{"line":48,"column":37}},"type":"cond-expr","locations":[{"start":{"line":48,"column":32},"end":{"line":48,"column":36}},{"start":{"line":48,"column":36},"end":{"line":48,"column":37}}]},"11":{"loc":{"start":{"line":48,"column":21},"end":{"line":48,"column":36}},"type":"binary-expr","locations":[{"start":{"line":48,"column":21},"end":{"line":48,"column":36}},{"start":{"line":48,"column":32},"end":{"line":48,"column":36}}]},"12":{"loc":{"start":{"line":48,"column":21},"end":{"line":48,"column":32}},"type":"cond-expr","locations":[{"start":{"line":48,"column":29},"end":{"line":48,"column":31}},{"start":{"line":48,"column":21},"end":{"line":48,"column":32}}]},"13":{"loc":{"start":{"line":48,"column":21},"end":{"line":48,"column":31}},"type":"binary-expr","locations":[{"start":{"line":48,"column":21},"end":{"line":48,"column":31}},{"start":{"line":48,"column":21},"end":{"line":48,"column":31}}]},"14":{"loc":{"start":{"line":49,"column":21},"end":{"line":49,"column":37}},"type":"cond-expr","locations":[{"start":{"line":49,"column":32},"end":{"line":49,"column":36}},{"start":{"line":49,"column":36},"end":{"line":49,"column":37}}]},"15":{"loc":{"start":{"line":49,"column":21},"end":{"line":49,"column":36}},"type":"binary-expr","locations":[{"start":{"line":49,"column":21},"end":{"line":49,"column":36}},{"start":{"line":49,"column":32},"end":{"line":49,"column":36}}]},"16":{"loc":{"start":{"line":49,"column":21},"end":{"line":49,"column":32}},"type":"cond-expr","locations":[{"start":{"line":49,"column":29},"end":{"line":49,"column":31}},{"start":{"line":49,"column":21},"end":{"line":49,"column":32}}]},"17":{"loc":{"start":{"line":49,"column":21},"end":{"line":49,"column":31}},"type":"binary-expr","locations":[{"start":{"line":49,"column":21},"end":{"line":49,"column":31}},{"start":{"line":49,"column":21},"end":{"line":49,"column":31}}]},"18":{"loc":{"start":{"line":50,"column":20},"end":{"line":50,"column":35}},"type":"cond-expr","locations":[{"start":{"line":50,"column":30},"end":{"line":50,"column":34}},{"start":{"line":50,"column":34},"end":{"line":50,"column":35}}]},"19":{"loc":{"start":{"line":50,"column":20},"end":{"line":50,"column":34}},"type":"binary-expr","locations":[{"start":{"line":50,"column":20},"end":{"line":50,"column":34}},{"start":{"line":50,"column":30},"end":{"line":50,"column":34}}]},"20":{"loc":{"start":{"line":50,"column":20},"end":{"line":50,"column":30}},"type":"cond-expr","locations":[{"start":{"line":50,"column":27},"end":{"line":50,"column":29}},{"start":{"line":50,"column":20},"end":{"line":50,"column":30}}]},"21":{"loc":{"start":{"line":50,"column":20},"end":{"line":50,"column":29}},"type":"binary-expr","locations":[{"start":{"line":50,"column":20},"end":{"line":50,"column":29}},{"start":{"line":50,"column":20},"end":{"line":50,"column":29}}]},"22":{"loc":{"start":{"line":51,"column":20},"end":{"line":51,"column":35}},"type":"cond-expr","locations":[{"start":{"line":51,"column":30},"end":{"line":51,"column":34}},{"start":{"line":51,"column":34},"end":{"line":51,"column":35}}]},"23":{"loc":{"start":{"line":51,"column":20},"end":{"line":51,"column":34}},"type":"binary-expr","locations":[{"start":{"line":51,"column":20},"end":{"line":51,"column":34}},{"start":{"line":51,"column":30},"end":{"line":51,"column":34}}]},"24":{"loc":{"start":{"line":51,"column":20},"end":{"line":51,"column":30}},"type":"cond-expr","locations":[{"start":{"line":51,"column":27},"end":{"line":51,"column":29}},{"start":{"line":51,"column":20},"end":{"line":51,"column":30}}]},"25":{"loc":{"start":{"line":51,"column":20},"end":{"line":51,"column":29}},"type":"binary-expr","locations":[{"start":{"line":51,"column":20},"end":{"line":51,"column":29}},{"start":{"line":51,"column":20},"end":{"line":51,"column":29}}]},"26":{"loc":{"start":{"line":52,"column":21},"end":{"line":52,"column":37}},"type":"cond-expr","locations":[{"start":{"line":52,"column":32},"end":{"line":52,"column":36}},{"start":{"line":52,"column":36},"end":{"line":52,"column":37}}]},"27":{"loc":{"start":{"line":52,"column":21},"end":{"line":52,"column":36}},"type":"binary-expr","locations":[{"start":{"line":52,"column":21},"end":{"line":52,"column":36}},{"start":{"line":52,"column":32},"end":{"line":52,"column":36}}]},"28":{"loc":{"start":{"line":52,"column":21},"end":{"line":52,"column":32}},"type":"cond-expr","locations":[{"start":{"line":52,"column":29},"end":{"line":52,"column":31}},{"start":{"line":52,"column":21},"end":{"line":52,"column":32}}]},"29":{"loc":{"start":{"line":52,"column":21},"end":{"line":52,"column":31}},"type":"binary-expr","locations":[{"start":{"line":52,"column":21},"end":{"line":52,"column":31}},{"start":{"line":52,"column":21},"end":{"line":52,"column":31}}]},"30":{"loc":{"start":{"line":53,"column":21},"end":{"line":53,"column":46}},"type":"cond-expr","locations":[{"start":{"line":53,"column":41},"end":{"line":53,"column":45}},{"start":{"line":53,"column":45},"end":{"line":53,"column":46}}]},"31":{"loc":{"start":{"line":53,"column":21},"end":{"line":53,"column":45}},"type":"binary-expr","locations":[{"start":{"line":53,"column":21},"end":{"line":53,"column":45}},{"start":{"line":53,"column":41},"end":{"line":53,"column":45}}]},"32":{"loc":{"start":{"line":53,"column":21},"end":{"line":53,"column":41}},"type":"cond-expr","locations":[{"start":{"line":53,"column":35},"end":{"line":53,"column":37}},{"start":{"line":53,"column":21},"end":{"line":53,"column":41}}]},"33":{"loc":{"start":{"line":53,"column":21},"end":{"line":53,"column":37}},"type":"binary-expr","locations":[{"start":{"line":53,"column":21},"end":{"line":53,"column":37}},{"start":{"line":53,"column":21},"end":{"line":53,"column":37}}]},"34":{"loc":{"start":{"line":57,"column":21},"end":{"line":57,"column":42}},"type":"cond-expr","locations":[{"start":{"line":57,"column":37},"end":{"line":57,"column":41}},{"start":{"line":57,"column":41},"end":{"line":57,"column":42}}]},"35":{"loc":{"start":{"line":57,"column":21},"end":{"line":57,"column":41}},"type":"binary-expr","locations":[{"start":{"line":57,"column":21},"end":{"line":57,"column":41}},{"start":{"line":57,"column":37},"end":{"line":57,"column":41}}]},"36":{"loc":{"start":{"line":57,"column":21},"end":{"line":57,"column":37}},"type":"cond-expr","locations":[{"start":{"line":57,"column":34},"end":{"line":57,"column":36}},{"start":{"line":57,"column":21},"end":{"line":57,"column":37}}]},"37":{"loc":{"start":{"line":57,"column":21},"end":{"line":57,"column":36}},"type":"binary-expr","locations":[{"start":{"line":57,"column":21},"end":{"line":57,"column":36}},{"start":{"line":57,"column":21},"end":{"line":57,"column":36}}]},"38":{"loc":{"start":{"line":58,"column":26},"end":{"line":58,"column":46}},"type":"cond-expr","locations":[{"start":{"line":58,"column":41},"end":{"line":58,"column":45}},{"start":{"line":58,"column":45},"end":{"line":58,"column":46}}]},"39":{"loc":{"start":{"line":58,"column":26},"end":{"line":58,"column":45}},"type":"binary-expr","locations":[{"start":{"line":58,"column":26},"end":{"line":58,"column":45}},{"start":{"line":58,"column":41},"end":{"line":58,"column":45}}]},"40":{"loc":{"start":{"line":58,"column":26},"end":{"line":58,"column":41}},"type":"cond-expr","locations":[{"start":{"line":58,"column":38},"end":{"line":58,"column":40}},{"start":{"line":58,"column":26},"end":{"line":58,"column":41}}]},"41":{"loc":{"start":{"line":58,"column":26},"end":{"line":58,"column":40}},"type":"binary-expr","locations":[{"start":{"line":58,"column":26},"end":{"line":58,"column":40}},{"start":{"line":58,"column":26},"end":{"line":58,"column":40}}]},"42":{"loc":{"start":{"line":59,"column":22},"end":{"line":59,"column":44}},"type":"cond-expr","locations":[{"start":{"line":59,"column":39},"end":{"line":59,"column":43}},{"start":{"line":59,"column":43},"end":{"line":59,"column":44}}]},"43":{"loc":{"start":{"line":59,"column":22},"end":{"line":59,"column":43}},"type":"binary-expr","locations":[{"start":{"line":59,"column":22},"end":{"line":59,"column":43}},{"start":{"line":59,"column":39},"end":{"line":59,"column":43}}]},"44":{"loc":{"start":{"line":59,"column":22},"end":{"line":59,"column":39}},"type":"cond-expr","locations":[{"start":{"line":59,"column":36},"end":{"line":59,"column":38}},{"start":{"line":59,"column":22},"end":{"line":59,"column":39}}]},"45":{"loc":{"start":{"line":59,"column":22},"end":{"line":59,"column":38}},"type":"binary-expr","locations":[{"start":{"line":59,"column":22},"end":{"line":59,"column":38}},{"start":{"line":59,"column":22},"end":{"line":59,"column":38}}]},"46":{"loc":{"start":{"line":60,"column":21},"end":{"line":60,"column":42}},"type":"cond-expr","locations":[{"start":{"line":60,"column":37},"end":{"line":60,"column":41}},{"start":{"line":60,"column":41},"end":{"line":60,"column":42}}]},"47":{"loc":{"start":{"line":60,"column":21},"end":{"line":60,"column":41}},"type":"binary-expr","locations":[{"start":{"line":60,"column":21},"end":{"line":60,"column":41}},{"start":{"line":60,"column":37},"end":{"line":60,"column":41}}]},"48":{"loc":{"start":{"line":60,"column":21},"end":{"line":60,"column":37}},"type":"cond-expr","locations":[{"start":{"line":60,"column":34},"end":{"line":60,"column":36}},{"start":{"line":60,"column":21},"end":{"line":60,"column":37}}]},"49":{"loc":{"start":{"line":60,"column":21},"end":{"line":60,"column":36}},"type":"binary-expr","locations":[{"start":{"line":60,"column":21},"end":{"line":60,"column":36}},{"start":{"line":60,"column":21},"end":{"line":60,"column":36}}]},"50":{"loc":{"start":{"line":61,"column":18},"end":{"line":61,"column":36}},"type":"cond-expr","locations":[{"start":{"line":61,"column":31},"end":{"line":61,"column":35}},{"start":{"line":61,"column":35},"end":{"line":61,"column":36}}]},"51":{"loc":{"start":{"line":61,"column":18},"end":{"line":61,"column":35}},"type":"binary-expr","locations":[{"start":{"line":61,"column":18},"end":{"line":61,"column":35}},{"start":{"line":61,"column":31},"end":{"line":61,"column":35}}]},"52":{"loc":{"start":{"line":61,"column":18},"end":{"line":61,"column":31}},"type":"cond-expr","locations":[{"start":{"line":61,"column":28},"end":{"line":61,"column":30}},{"start":{"line":61,"column":18},"end":{"line":61,"column":31}}]},"53":{"loc":{"start":{"line":61,"column":18},"end":{"line":61,"column":30}},"type":"binary-expr","locations":[{"start":{"line":61,"column":18},"end":{"line":61,"column":30}},{"start":{"line":61,"column":18},"end":{"line":61,"column":30}}]}},"s":{"0":0,"1":0,"2":0,"3":0,"4":0,"5":0,"6":0,"7":0,"8":0,"9":0,"10":0,"11":0,"12":0,"13":0,"14":0,"15":0},"f":{"0":0},"b":{"0":[0],"1":[0,0],"2":[0,0],"3":[0,0],"4":[0,0],"5":[0,0],"6":[0,0],"7":[0,0],"8":[0,0],"9":[0,0],"10":[0,0],"11":[0,0],"12":[0,0],"13":[0,0],"14":[0,0],"15":[0,0],"16":[0,0],"17":[0,0],"18":[0,0],"19":[0,0],"20":[0,0],"21":[0,0],"22":[0,0],"23":[0,0],"24":[0,0],"25":[0,0],"26":[0,0],"27":[0,0],"28":[0,0],"29":[0,0],"30":[0,0],"31":[0,0],"32":[0,0],"33":[0,0],"34":[0,0],"35":[0,0],"36":[0,0],"37":[0,0],"38":[0,0],"39":[0,0],"40":[0,0],"41":[0,0],"42":[0,0],"43":[0,0],"44":[0,0],"45":[0,0],"46":[0,0],"47":[0,0],"48":[0,0],"49":[0,0],"50":[0,0],"51":[0,0],"52":[0,0],"53":[0,0]}}
,"/home/adebayo/Desktop/Educore/educore-nextjs/app/api/analytics/fees/route.ts": {"path":"/home/adebayo/Desktop/Educore/educore-nextjs/app/api/analytics/fees/route.ts","statementMap":{"0":{"start":{"line":2,"column":0},"end":{"line":2,"column":42}},"1":{"start":{"line":3,"column":0},"end":{"line":3,"column":65}},"2":{"start":{"line":4,"column":0},"end":{"line":4,"column":67}},"3":{"start":{"line":5,"column":0},"end":{"line":5,"column":67}},"4":{"start":{"line":7,"column":13},"end":{"line":25,"column":4}},"5":{"start":{"line":8,"column":2},"end":{"line":24,"column":3}},"6":{"start":{"line":9,"column":4},"end":{"line":9,"column":62}},"7":{"start":{"line":9,"column":17},"end":{"line":9,"column":62}},"8":{"start":{"line":10,"column":16},"end":{"line":10,"column":25}},"9":{"start":{"line":12,"column":35},"end":{"line":15,"column":6}},"10":{"start":{"line":17,"column":17},"end":{"line":17,"column":38}},"11":{"start":{"line":18,"column":24},"end":{"line":18,"column":54}},"12":{"start":{"line":19,"column":27},"end":{"line":19,"column":111}},"13":{"start":{"line":21,"column":4},"end":{"line":21,"column":74}},"14":{"start":{"line":23,"column":4},"end":{"line":23,"column":28}}},"fnMap":{"0":{"name":"(anonymous_0)","decl":{"start":{"line":7,"column":56},"end":{"line":7,"column":61}},"loc":{"start":{"line":7,"column":132},"end":{"line":25,"column":1}}}},"branchMap":{"0":{"loc":{"start":{"line":9,"column":4},"end":{"line":9,"column":62}},"type":"if","locations":[{"start":{"line":9,"column":4},"end":{"line":9,"column":62}}]},"1":{"loc":{"start":{"line":17,"column":17},"end":{"line":17,"column":38}},"type":"cond-expr","locations":[{"start":{"line":17,"column":33},"end":{"line":17,"column":37}},{"start":{"line":17,"column":37},"end":{"line":17,"column":38}}]},"2":{"loc":{"start":{"line":17,"column":17},"end":{"line":17,"column":37}},"type":"binary-expr","locations":[{"start":{"line":17,"column":17},"end":{"line":17,"column":37}},{"start":{"line":17,"column":33},"end":{"line":17,"column":37}}]},"3":{"loc":{"start":{"line":17,"column":17},"end":{"line":17,"column":33}},"type":"cond-expr","locations":[{"start":{"line":17,"column":26},"end":{"line":17,"column":28}},{"start":{"line":17,"column":17},"end":{"line":17,"column":33}}]},"4":{"loc":{"start":{"line":17,"column":17},"end":{"line":17,"column":28}},"type":"binary-expr","locations":[{"start":{"line":17,"column":17},"end":{"line":17,"column":28}},{"start":{"line":17,"column":17},"end":{"line":17,"column":28}}]},"5":{"loc":{"start":{"line":18,"column":25},"end":{"line":18,"column":46}},"type":"cond-expr","locations":[{"start":{"line":18,"column":41},"end":{"line":18,"column":45}},{"start":{"line":18,"column":45},"end":{"line":18,"column":46}}]},"6":{"loc":{"start":{"line":18,"column":25},"end":{"line":18,"column":45}},"type":"binary-expr","locations":[{"start":{"line":18,"column":25},"end":{"line":18,"column":45}},{"start":{"line":18,"column":41},"end":{"line":18,"column":45}}]},"7":{"loc":{"start":{"line":18,"column":25},"end":{"line":18,"column":41}},"type":"cond-expr","locations":[{"start":{"line":18,"column":34},"end":{"line":18,"column":36}},{"start":{"line":18,"column":25},"end":{"line":18,"column":41}}]},"8":{"loc":{"start":{"line":18,"column":25},"end":{"line":18,"column":36}},"type":"binary-expr","locations":[{"start":{"line":18,"column":25},"end":{"line":18,"column":36}},{"start":{"line":18,"column":25},"end":{"line":18,"column":36}}]},"9":{"loc":{"start":{"line":19,"column":27},"end":{"line":19,"column":111}},"type":"cond-expr","locations":[{"start":{"line":19,"column":57},"end":{"line":19,"column":107}},{"start":{"line":19,"column":110},"end":{"line":19,"column":111}}]},"10":{"loc":{"start":{"line":19,"column":28},"end":{"line":19,"column":49}},"type":"cond-expr","locations":[{"start":{"line":19,"column":44},"end":{"line":19,"column":48}},{"start":{"line":19,"column":48},"end":{"line":19,"column":49}}]},"11":{"loc":{"start":{"line":19,"column":28},"end":{"line":19,"column":48}},"type":"binary-expr","locations":[{"start":{"line":19,"column":28},"end":{"line":19,"column":48}},{"start":{"line":19,"column":44},"end":{"line":19,"column":48}}]},"12":{"loc":{"start":{"line":19,"column":28},"end":{"line":19,"column":44}},"type":"cond-expr","locations":[{"start":{"line":19,"column":37},"end":{"line":19,"column":39}},{"start":{"line":19,"column":28},"end":{"line":19,"column":44}}]},"13":{"loc":{"start":{"line":19,"column":28},"end":{"line":19,"column":39}},"type":"binary-expr","locations":[{"start":{"line":19,"column":28},"end":{"line":19,"column":39}},{"start":{"line":19,"column":28},"end":{"line":19,"column":39}}]},"14":{"loc":{"start":{"line":19,"column":77},"end":{"line":19,"column":98}},"type":"cond-expr","locations":[{"start":{"line":19,"column":93},"end":{"line":19,"column":97}},{"start":{"line":19,"column":97},"end":{"line":19,"column":98}}]},"15":{"loc":{"start":{"line":19,"column":77},"end":{"line":19,"column":97}},"type":"binary-expr","locations":[{"start":{"line":19,"column":77},"end":{"line":19,"column":97}},{"start":{"line":19,"column":93},"end":{"line":19,"column":97}}]},"16":{"loc":{"start":{"line":19,"column":77},"end":{"line":19,"column":93}},"type":"cond-expr","locations":[{"start":{"line":19,"column":86},"end":{"line":19,"column":88}},{"start":{"line":19,"column":77},"end":{"line":19,"column":93}}]},"17":{"loc":{"start":{"line":19,"column":77},"end":{"line":19,"column":88}},"type":"binary-expr","locations":[{"start":{"line":19,"column":77},"end":{"line":19,"column":88}},{"start":{"line":19,"column":77},"end":{"line":19,"column":88}}]}},"s":{"0":0,"1":0,"2":0,"3":0,"4":0,"5":0,"6":0,"7":0,"8":0,"9":0,"10":0,"11":0,"12":0,"13":0,"14":0},"f":{"0":0},"b":{"0":[0],"1":[0,0],"2":[0,0],"3":[0,0],"4":[0,0],"5":[0,0],"6":[0,0],"7":[0,0],"8":[0,0],"9":[0,0],"10":[0,0],"11":[0,0],"12":[0,0],"13":[0,0],"14":[0,0],"15":[0,0],"16":[0,0],"17":[0,0]}}
,"/home/adebayo/Desktop/Educore/educore-nextjs/app/api/announcements/route.ts": {"path":"/home/adebayo/Desktop/Educore/educore-nextjs/app/api/announcements/route.ts","statementMap":{"0":{"start":{"line":2,"column":0},"end":{"line":2,"column":48}},"1":{"start":{"line":3,"column":0},"end":{"line":3,"column":65}},"2":{"start":{"line":4,"column":0},"end":{"line":4,"column":67}},"3":{"start":{"line":5,"column":0},"end":{"line":5,"column":76}},"4":{"start":{"line":6,"column":0},"end":{"line":6,"column":44}},"5":{"start":{"line":8,"column":13},"end":{"line":21,"column":4}},"6":{"start":{"line":9,"column":2},"end":{"line":20,"column":3}},"7":{"start":{"line":10,"column":4},"end":{"line":10,"column":62}},"8":{"start":{"line":10,"column":17},"end":{"line":10,"column":62}},"9":{"start":{"line":11,"column":26},"end":{"line":15,"column":null}},"10":{"start":{"line":17,"column":4},"end":{"line":17,"column":29}},"11":{"start":{"line":19,"column":4},"end":{"line":19,"column":28}},"12":{"start":{"line":23,"column":13},"end":{"line":41,"column":4}},"13":{"start":{"line":24,"column":2},"end":{"line":40,"column":3}},"14":{"start":{"line":25,"column":4},"end":{"line":25,"column":62}},"15":{"start":{"line":25,"column":17},"end":{"line":25,"column":62}},"16":{"start":{"line":26,"column":65},"end":{"line":26,"column":81}},"17":{"start":{"line":27,"column":4},"end":{"line":27,"column":80}},"18":{"start":{"line":27,"column":28},"end":{"line":27,"column":80}},"19":{"start":{"line":29,"column":15},"end":{"line":29,"column":27}},"20":{"start":{"line":30,"column":4},"end":{"line":36,"column":6}},"21":{"start":{"line":37,"column":4},"end":{"line":37,"column":34}},"22":{"start":{"line":39,"column":4},"end":{"line":39,"column":28}}},"fnMap":{"0":{"name":"(anonymous_0)","decl":{"start":{"line":8,"column":60},"end":{"line":8,"column":65}},"loc":{"start":{"line":8,"column":136},"end":{"line":21,"column":1}}},"1":{"name":"(anonymous_1)","decl":{"start":{"line":23,"column":61},"end":{"line":23,"column":66}},"loc":{"start":{"line":23,"column":142},"end":{"line":41,"column":1}}}},"branchMap":{"0":{"loc":{"start":{"line":10,"column":4},"end":{"line":10,"column":62}},"type":"if","locations":[{"start":{"line":10,"column":4},"end":{"line":10,"column":62}}]},"1":{"loc":{"start":{"line":25,"column":4},"end":{"line":25,"column":62}},"type":"if","locations":[{"start":{"line":25,"column":4},"end":{"line":25,"column":62}}]},"2":{"loc":{"start":{"line":27,"column":4},"end":{"line":27,"column":80}},"type":"if","locations":[{"start":{"line":27,"column":4},"end":{"line":27,"column":80}}]},"3":{"loc":{"start":{"line":27,"column":8},"end":{"line":27,"column":26}},"type":"binary-expr","locations":[{"start":{"line":27,"column":8},"end":{"line":27,"column":14}},{"start":{"line":27,"column":18},"end":{"line":27,"column":26}}]},"4":{"loc":{"start":{"line":34,"column":7},"end":{"line":34,"column":64}},"type":"cond-expr","locations":[{"start":{"line":34,"column":36},"end":{"line":34,"column":57}},{"start":{"line":34,"column":60},"end":{"line":34,"column":64}}]},"5":{"loc":{"start":{"line":35,"column":7},"end":{"line":35,"column":23}},"type":"cond-expr","locations":[{"start":{"line":35,"column":18},"end":{"line":35,"column":19}},{"start":{"line":35,"column":22},"end":{"line":35,"column":23}}]},"6":{"loc":{"start":{"line":35,"column":25},"end":{"line":35,"column":42}},"type":"binary-expr","locations":[{"start":{"line":35,"column":25},"end":{"line":35,"column":34}},{"start":{"line":35,"column":38},"end":{"line":35,"column":42}}]}},"s":{"0":0,"1":0,"2":0,"3":0,"4":0,"5":0,"6":0,"7":0,"8":0,"9":0,"10":0,"11":0,"12":0,"13":0,"14":0,"15":0,"16":0,"17":0,"18":0,"19":0,"20":0,"21":0,"22":0},"f":{"0":0,"1":0},"b":{"0":[0],"1":[0],"2":[0],"3":[0,0],"4":[0,0],"5":[0,0],"6":[0,0]}}
,"/home/adebayo/Desktop/Educore/educore-nextjs/app/api/announcements/[id]/route.ts": {"path":"/home/adebayo/Desktop/Educore/educore-nextjs/app/api/announcements/[id]/route.ts","statementMap":{"0":{"start":{"line":2,"column":0},"end":{"line":2,"column":51}},"1":{"start":{"line":3,"column":0},"end":{"line":3,"column":65}},"2":{"start":{"line":4,"column":0},"end":{"line":4,"column":67}},"3":{"start":{"line":5,"column":0},"end":{"line":5,"column":65}},"4":{"start":{"line":7,"column":13},"end":{"line":14,"column":4}},"5":{"start":{"line":8,"column":2},"end":{"line":13,"column":44}},"6":{"start":{"line":9,"column":4},"end":{"line":9,"column":53}},"7":{"start":{"line":9,"column":17},"end":{"line":9,"column":53}},"8":{"start":{"line":10,"column":14},"end":{"line":10,"column":121}},"9":{"start":{"line":11,"column":4},"end":{"line":11,"column":54}},"10":{"start":{"line":11,"column":12},"end":{"line":11,"column":54}},"11":{"start":{"line":12,"column":4},"end":{"line":12,"column":17}},"12":{"start":{"line":13,"column":18},"end":{"line":13,"column":42}},"13":{"start":{"line":16,"column":13},"end":{"line":29,"column":4}},"14":{"start":{"line":17,"column":2},"end":{"line":28,"column":44}},"15":{"start":{"line":18,"column":4},"end":{"line":18,"column":53}},"16":{"start":{"line":18,"column":17},"end":{"line":18,"column":53}},"17":{"start":{"line":19,"column":15},"end":{"line":19,"column":31}},"18":{"start":{"line":20,"column":15},"end":{"line":20,"column":109}},"19":{"start":{"line":21,"column":4},"end":{"line":21,"column":55}},"20":{"start":{"line":21,"column":13},"end":{"line":21,"column":55}},"21":{"start":{"line":22,"column":52},"end":{"line":22,"column":68}},"22":{"start":{"line":23,"column":4},"end":{"line":26,"column":6}},"23":{"start":{"line":27,"column":4},"end":{"line":27,"column":80}},"24":{"start":{"line":28,"column":18},"end":{"line":28,"column":42}},"25":{"start":{"line":31,"column":13},"end":{"line":37,"column":4}},"26":{"start":{"line":32,"column":2},"end":{"line":36,"column":44}},"27":{"start":{"line":33,"column":4},"end":{"line":33,"column":53}},"28":{"start":{"line":33,"column":17},"end":{"line":33,"column":53}},"29":{"start":{"line":34,"column":4},"end":{"line":34,"column":109}},"30":{"start":{"line":35,"column":4},"end":{"line":35,"column":51}},"31":{"start":{"line":36,"column":18},"end":{"line":36,"column":42}}},"fnMap":{"0":{"name":"(anonymous_0)","decl":{"start":{"line":7,"column":60},"end":{"line":7,"column":65}},"loc":{"start":{"line":7,"column":144},"end":{"line":14,"column":1}}},"1":{"name":"(anonymous_1)","decl":{"start":{"line":16,"column":62},"end":{"line":16,"column":67}},"loc":{"start":{"line":16,"column":145},"end":{"line":29,"column":1}}},"2":{"name":"(anonymous_2)","decl":{"start":{"line":31,"column":63},"end":{"line":31,"column":68}},"loc":{"start":{"line":31,"column":147},"end":{"line":37,"column":1}}}},"branchMap":{"0":{"loc":{"start":{"line":9,"column":4},"end":{"line":9,"column":53}},"type":"if","locations":[{"start":{"line":9,"column":4},"end":{"line":9,"column":53}}]},"1":{"loc":{"start":{"line":10,"column":92},"end":{"line":10,"column":108}},"type":"cond-expr","locations":[{"start":{"line":10,"column":102},"end":{"line":10,"column":106}},{"start":{"line":10,"column":106},"end":{"line":10,"column":108}}]},"2":{"loc":{"start":{"line":10,"column":92},"end":{"line":10,"column":106}},"type":"binary-expr","locations":[{"start":{"line":10,"column":92},"end":{"line":10,"column":106}},{"start":{"line":10,"column":102},"end":{"line":10,"column":106}}]},"3":{"loc":{"start":{"line":10,"column":92},"end":{"line":10,"column":102}},"type":"cond-expr","locations":[{"start":{"line":10,"column":98},"end":{"line":10,"column":100}},{"start":{"line":10,"column":92},"end":{"line":10,"column":102}}]},"4":{"loc":{"start":{"line":10,"column":92},"end":{"line":10,"column":100}},"type":"binary-expr","locations":[{"start":{"line":10,"column":92},"end":{"line":10,"column":100}},{"start":{"line":10,"column":92},"end":{"line":10,"column":100}}]},"5":{"loc":{"start":{"line":11,"column":4},"end":{"line":11,"column":54}},"type":"if","locations":[{"start":{"line":11,"column":4},"end":{"line":11,"column":54}}]},"6":{"loc":{"start":{"line":18,"column":4},"end":{"line":18,"column":53}},"type":"if","locations":[{"start":{"line":18,"column":4},"end":{"line":18,"column":53}}]},"7":{"loc":{"start":{"line":19,"column":15},"end":{"line":19,"column":31}},"type":"cond-expr","locations":[{"start":{"line":19,"column":25},"end":{"line":19,"column":29}},{"start":{"line":19,"column":29},"end":{"line":19,"column":31}}]},"8":{"loc":{"start":{"line":19,"column":15},"end":{"line":19,"column":29}},"type":"binary-expr","locations":[{"start":{"line":19,"column":15},"end":{"line":19,"column":29}},{"start":{"line":19,"column":25},"end":{"line":19,"column":29}}]},"9":{"loc":{"start":{"line":19,"column":15},"end":{"line":19,"column":25}},"type":"cond-expr","locations":[{"start":{"line":19,"column":21},"end":{"line":19,"column":23}},{"start":{"line":19,"column":15},"end":{"line":19,"column":25}}]},"10":{"loc":{"start":{"line":19,"column":15},"end":{"line":19,"column":23}},"type":"binary-expr","locations":[{"start":{"line":19,"column":15},"end":{"line":19,"column":23}},{"start":{"line":19,"column":15},"end":{"line":19,"column":23}}]},"11":{"loc":{"start":{"line":21,"column":4},"end":{"line":21,"column":55}},"type":"if","locations":[{"start":{"line":21,"column":4},"end":{"line":21,"column":55}}]},"12":{"loc":{"start":{"line":25,"column":7},"end":{"line":25,"column":20}},"type":"binary-expr","locations":[{"start":{"line":25,"column":7},"end":{"line":25,"column":12}},{"start":{"line":25,"column":16},"end":{"line":25,"column":20}}]},"13":{"loc":{"start":{"line":25,"column":22},"end":{"line":25,"column":37}},"type":"binary-expr","locations":[{"start":{"line":25,"column":22},"end":{"line":25,"column":29}},{"start":{"line":25,"column":33},"end":{"line":25,"column":37}}]},"14":{"loc":{"start":{"line":25,"column":39},"end":{"line":25,"column":89}},"type":"cond-expr","locations":[{"start":{"line":25,"column":65},"end":{"line":25,"column":81}},{"start":{"line":25,"column":85},"end":{"line":25,"column":89}}]},"15":{"loc":{"start":{"line":25,"column":65},"end":{"line":25,"column":81}},"type":"cond-expr","locations":[{"start":{"line":25,"column":76},"end":{"line":25,"column":77}},{"start":{"line":25,"column":80},"end":{"line":25,"column":81}}]},"16":{"loc":{"start":{"line":25,"column":91},"end":{"line":25,"column":108}},"type":"binary-expr","locations":[{"start":{"line":25,"column":91},"end":{"line":25,"column":100}},{"start":{"line":25,"column":104},"end":{"line":25,"column":108}}]},"17":{"loc":{"start":{"line":33,"column":4},"end":{"line":33,"column":53}},"type":"if","locations":[{"start":{"line":33,"column":4},"end":{"line":33,"column":53}}]},"18":{"loc":{"start":{"line":34,"column":79},"end":{"line":34,"column":95}},"type":"cond-expr","locations":[{"start":{"line":34,"column":89},"end":{"line":34,"column":93}},{"start":{"line":34,"column":93},"end":{"line":34,"column":95}}]},"19":{"loc":{"start":{"line":34,"column":79},"end":{"line":34,"column":93}},"type":"binary-expr","locations":[{"start":{"line":34,"column":79},"end":{"line":34,"column":93}},{"start":{"line":34,"column":89},"end":{"line":34,"column":93}}]},"20":{"loc":{"start":{"line":34,"column":79},"end":{"line":34,"column":89}},"type":"cond-expr","locations":[{"start":{"line":34,"column":85},"end":{"line":34,"column":87}},{"start":{"line":34,"column":79},"end":{"line":34,"column":89}}]},"21":{"loc":{"start":{"line":34,"column":79},"end":{"line":34,"column":87}},"type":"binary-expr","locations":[{"start":{"line":34,"column":79},"end":{"line":34,"column":87}},{"start":{"line":34,"column":79},"end":{"line":34,"column":87}}]}},"s":{"0":0,"1":0,"2":0,"3":0,"4":0,"5":0,"6":0,"7":0,"8":0,"9":0,"10":0,"11":0,"12":0,"13":0,"14":0,"15":0,"16":0,"17":0,"18":0,"19":0,"20":0,"21":0,"22":0,"23":0,"24":0,"25":0,"26":0,"27":0,"28":0,"29":0,"30":0,"31":0},"f":{"0":0,"1":0,"2":0},"b":{"0":[0],"1":[0,0],"2":[0,0],"3":[0,0],"4":[0,0],"5":[0],"6":[0],"7":[0,0],"8":[0,0],"9":[0,0],"10":[0,0],"11":[0],"12":[0,0],"13":[0,0],"14":[0,0],"15":[0,0],"16":[0,0],"17":[0],"18":[0,0],"19":[0,0],"20":[0,0],"21":[0,0]}}
,"/home/adebayo/Desktop/Educore/educore-nextjs/app/api/attendance/route.ts": {"path":"/home/adebayo/Desktop/Educore/educore-nextjs/app/api/attendance/route.ts","statementMap":{"0":{"start":{"line":2,"column":0},"end":{"line":2,"column":51}},"1":{"start":{"line":3,"column":0},"end":{"line":3,"column":65}},"2":{"start":{"line":4,"column":0},"end":{"line":4,"column":67}},"3":{"start":{"line":5,"column":0},"end":{"line":5,"column":67}},"4":{"start":{"line":6,"column":0},"end":{"line":6,"column":44}},"5":{"start":{"line":15,"column":13},"end":{"line":55,"column":2}},"6":{"start":{"line":17,"column":4},"end":{"line":52,"column":5}},"7":{"start":{"line":18,"column":6},"end":{"line":18,"column":64}},"8":{"start":{"line":18,"column":19},"end":{"line":18,"column":64}},"9":{"start":{"line":19,"column":56},"end":{"line":19,"column":72}},"10":{"start":{"line":21,"column":6},"end":{"line":23,"column":7}},"11":{"start":{"line":22,"column":8},"end":{"line":22,"column":69}},"12":{"start":{"line":25,"column":30},"end":{"line":25,"column":64}},"13":{"start":{"line":26,"column":26},"end":{"line":26,"column":53}},"14":{"start":{"line":28,"column":6},"end":{"line":47,"column":7}},"15":{"start":{"line":29,"column":25},"end":{"line":31,"column":null}},"16":{"start":{"line":34,"column":8},"end":{"line":46,"column":9}},"17":{"start":{"line":35,"column":10},"end":{"line":38,"column":12}},"18":{"start":{"line":40,"column":10},"end":{"line":45,"column":12}},"19":{"start":{"line":49,"column":6},"end":{"line":49,"column":96}},"20":{"start":{"line":51,"column":6},"end":{"line":51,"column":30}}},"fnMap":{"0":{"name":"(anonymous_0)","decl":{"start":{"line":16,"column":31},"end":{"line":16,"column":36}},"loc":{"start":{"line":16,"column":112},"end":{"line":53,"column":3}}}},"branchMap":{"0":{"loc":{"start":{"line":18,"column":6},"end":{"line":18,"column":64}},"type":"if","locations":[{"start":{"line":18,"column":6},"end":{"line":18,"column":64}}]},"1":{"loc":{"start":{"line":21,"column":6},"end":{"line":23,"column":7}},"type":"if","locations":[{"start":{"line":21,"column":6},"end":{"line":23,"column":7}}]},"2":{"loc":{"start":{"line":21,"column":10},"end":{"line":21,"column":54}},"type":"binary-expr","locations":[{"start":{"line":21,"column":10},"end":{"line":21,"column":18}},{"start":{"line":21,"column":22},"end":{"line":21,"column":27}},{"start":{"line":21,"column":31},"end":{"line":21,"column":54}}]},"3":{"loc":{"start":{"line":25,"column":30},"end":{"line":25,"column":64}},"type":"binary-expr","locations":[{"start":{"line":25,"column":30},"end":{"line":25,"column":37}},{"start":{"line":25,"column":41},"end":{"line":25,"column":64}}]},"4":{"loc":{"start":{"line":26,"column":26},"end":{"line":26,"column":53}},"type":"binary-expr","locations":[{"start":{"line":26,"column":26},"end":{"line":26,"column":30}},{"start":{"line":26,"column":34},"end":{"line":26,"column":53}}]},"5":{"loc":{"start":{"line":34,"column":8},"end":{"line":46,"column":9}},"type":"if","locations":[{"start":{"line":34,"column":8},"end":{"line":46,"column":9}},{"start":{"line":39,"column":15},"end":{"line":46,"column":9}}]},"6":{"loc":{"start":{"line":37,"column":25},"end":{"line":37,"column":42}},"type":"binary-expr","locations":[{"start":{"line":37,"column":25},"end":{"line":37,"column":34}},{"start":{"line":37,"column":38},"end":{"line":37,"column":42}}]},"7":{"loc":{"start":{"line":44,"column":52},"end":{"line":44,"column":69}},"type":"binary-expr","locations":[{"start":{"line":44,"column":52},"end":{"line":44,"column":61}},{"start":{"line":44,"column":65},"end":{"line":44,"column":69}}]}},"s":{"0":1,"1":1,"2":1,"3":1,"4":1,"5":1,"6":4,"7":4,"8":0,"9":4,"10":4,"11":1,"12":3,"13":3,"14":3,"15":5,"16":5,"17":1,"18":4,"19":3,"20":0},"f":{"0":4},"b":{"0":[0],"1":[1],"2":[4,4,3],"3":[3,3],"4":[3,3],"5":[1,4],"6":[1,1],"7":[4,2]}}
,"/home/adebayo/Desktop/Educore/educore-nextjs/app/api/attendance/[classId]/route.ts": {"path":"/home/adebayo/Desktop/Educore/educore-nextjs/app/api/attendance/[classId]/route.ts","statementMap":{"0":{"start":{"line":2,"column":0},"end":{"line":2,"column":39}},"1":{"start":{"line":3,"column":0},"end":{"line":3,"column":65}},"2":{"start":{"line":4,"column":0},"end":{"line":4,"column":67}},"3":{"start":{"line":5,"column":0},"end":{"line":5,"column":67}},"4":{"start":{"line":8,"column":13},"end":{"line":28,"column":4}},"5":{"start":{"line":9,"column":2},"end":{"line":27,"column":3}},"6":{"start":{"line":10,"column":4},"end":{"line":10,"column":62}},"7":{"start":{"line":10,"column":17},"end":{"line":10,"column":62}},"8":{"start":{"line":11,"column":29},"end":{"line":11,"column":45}},"9":{"start":{"line":12,"column":17},"end":{"line":12,"column":41}},"10":{"start":{"line":13,"column":4},"end":{"line":13,"column":69}},"11":{"start":{"line":13,"column":15},"end":{"line":13,"column":69}},"12":{"start":{"line":15,"column":20},"end":{"line":21,"column":null}},"13":{"start":{"line":24,"column":4},"end":{"line":24,"column":83}},"14":{"start":{"line":26,"column":4},"end":{"line":26,"column":28}}},"fnMap":{"0":{"name":"(anonymous_0)","decl":{"start":{"line":8,"column":57},"end":{"line":8,"column":62}},"loc":{"start":{"line":8,"column":140},"end":{"line":28,"column":1}}}},"branchMap":{"0":{"loc":{"start":{"line":10,"column":4},"end":{"line":10,"column":62}},"type":"if","locations":[{"start":{"line":10,"column":4},"end":{"line":10,"column":62}}]},"1":{"loc":{"start":{"line":13,"column":4},"end":{"line":13,"column":69}},"type":"if","locations":[{"start":{"line":13,"column":4},"end":{"line":13,"column":69}}]},"2":{"loc":{"start":{"line":21,"column":7},"end":{"line":21,"column":28}},"type":"cond-expr","locations":[{"start":{"line":21,"column":22},"end":{"line":21,"column":26}},{"start":{"line":21,"column":26},"end":{"line":21,"column":28}}]},"3":{"loc":{"start":{"line":21,"column":7},"end":{"line":21,"column":26}},"type":"binary-expr","locations":[{"start":{"line":21,"column":7},"end":{"line":21,"column":26}},{"start":{"line":21,"column":22},"end":{"line":21,"column":26}}]},"4":{"loc":{"start":{"line":21,"column":7},"end":{"line":21,"column":22}},"type":"cond-expr","locations":[{"start":{"line":21,"column":13},"end":{"line":21,"column":15}},{"start":{"line":21,"column":7},"end":{"line":21,"column":22}}]},"5":{"loc":{"start":{"line":21,"column":7},"end":{"line":21,"column":15}},"type":"binary-expr","locations":[{"start":{"line":21,"column":7},"end":{"line":21,"column":15}},{"start":{"line":21,"column":7},"end":{"line":21,"column":15}}]},"6":{"loc":{"start":{"line":24,"column":14},"end":{"line":24,"column":81}},"type":"cond-expr","locations":[{"start":{"line":24,"column":31},"end":{"line":24,"column":74}},{"start":{"line":24,"column":77},"end":{"line":24,"column":81}}]},"7":{"loc":{"start":{"line":24,"column":42},"end":{"line":24,"column":57}},"type":"cond-expr","locations":[{"start":{"line":24,"column":48},"end":{"line":24,"column":50}},{"start":{"line":24,"column":42},"end":{"line":24,"column":57}}]},"8":{"loc":{"start":{"line":24,"column":42},"end":{"line":24,"column":50}},"type":"binary-expr","locations":[{"start":{"line":24,"column":42},"end":{"line":24,"column":50}},{"start":{"line":24,"column":42},"end":{"line":24,"column":50}}]}},"s":{"0":0,"1":0,"2":0,"3":0,"4":0,"5":0,"6":0,"7":0,"8":0,"9":0,"10":0,"11":0,"12":0,"13":0,"14":0},"f":{"0":0},"b":{"0":[0],"1":[0],"2":[0,0],"3":[0,0],"4":[0,0],"5":[0,0],"6":[0,0],"7":[0,0],"8":[0,0]}}
,"/home/adebayo/Desktop/Educore/educore-nextjs/app/api/attendance/notify-absent/route.ts": {"path":"/home/adebayo/Desktop/Educore/educore-nextjs/app/api/attendance/notify-absent/route.ts","statementMap":{"0":{"start":{"line":2,"column":0},"end":{"line":2,"column":42}},"1":{"start":{"line":3,"column":0},"end":{"line":3,"column":65}},"2":{"start":{"line":4,"column":0},"end":{"line":4,"column":67}},"3":{"start":{"line":5,"column":0},"end":{"line":5,"column":77}},"4":{"start":{"line":8,"column":13},"end":{"line":33,"column":4}},"5":{"start":{"line":9,"column":2},"end":{"line":32,"column":3}},"6":{"start":{"line":10,"column":4},"end":{"line":10,"column":53}},"7":{"start":{"line":10,"column":17},"end":{"line":10,"column":53}},"8":{"start":{"line":11,"column":41},"end":{"line":11,"column":57}},"9":{"start":{"line":12,"column":4},"end":{"line":12,"column":104}},"10":{"start":{"line":12,"column":41},"end":{"line":12,"column":104}},"11":{"start":{"line":14,"column":20},"end":{"line":16,"column":null}},"12":{"start":{"line":18,"column":4},"end":{"line":18,"column":55}},"13":{"start":{"line":18,"column":18},"end":{"line":18,"column":55}},"14":{"start":{"line":20,"column":19},"end":{"line":22,"column":null}},"15":{"start":{"line":24,"column":4},"end":{"line":26,"column":5}},"16":{"start":{"line":25,"column":6},"end":{"line":25,"column":66}},"17":{"start":{"line":29,"column":4},"end":{"line":29,"column":91}},"18":{"start":{"line":31,"column":4},"end":{"line":31,"column":28}}},"fnMap":{"0":{"name":"(anonymous_0)","decl":{"start":{"line":8,"column":58},"end":{"line":8,"column":63}},"loc":{"start":{"line":8,"column":133},"end":{"line":33,"column":1}}}},"branchMap":{"0":{"loc":{"start":{"line":10,"column":4},"end":{"line":10,"column":53}},"type":"if","locations":[{"start":{"line":10,"column":4},"end":{"line":10,"column":53}}]},"1":{"loc":{"start":{"line":12,"column":4},"end":{"line":12,"column":104}},"type":"if","locations":[{"start":{"line":12,"column":4},"end":{"line":12,"column":104}}]},"2":{"loc":{"start":{"line":12,"column":8},"end":{"line":12,"column":39}},"type":"binary-expr","locations":[{"start":{"line":12,"column":8},"end":{"line":12,"column":18}},{"start":{"line":12,"column":22},"end":{"line":12,"column":30}},{"start":{"line":12,"column":34},"end":{"line":12,"column":39}}]},"3":{"loc":{"start":{"line":18,"column":4},"end":{"line":18,"column":55}},"type":"if","locations":[{"start":{"line":18,"column":4},"end":{"line":18,"column":55}}]},"4":{"loc":{"start":{"line":24,"column":4},"end":{"line":26,"column":5}},"type":"if","locations":[{"start":{"line":24,"column":4},"end":{"line":26,"column":5}}]},"5":{"loc":{"start":{"line":24,"column":8},"end":{"line":24,"column":69}},"type":"binary-expr","locations":[{"start":{"line":24,"column":8},"end":{"line":24,"column":15}},{"start":{"line":24,"column":20},"end":{"line":24,"column":69}}]}},"s":{"0":0,"1":0,"2":0,"3":0,"4":0,"5":0,"6":0,"7":0,"8":0,"9":0,"10":0,"11":0,"12":0,"13":0,"14":0,"15":0,"16":0,"17":0,"18":0},"f":{"0":0},"b":{"0":[0],"1":[0],"2":[0,0,0],"3":[0],"4":[0],"5":[0,0]}}
,"/home/adebayo/Desktop/Educore/educore-nextjs/app/api/attendance/report/[classId]/route.ts": {"path":"/home/adebayo/Desktop/Educore/educore-nextjs/app/api/attendance/report/[classId]/route.ts","statementMap":{"0":{"start":{"line":2,"column":0},"end":{"line":2,"column":49}},"1":{"start":{"line":3,"column":0},"end":{"line":3,"column":65}},"2":{"start":{"line":4,"column":0},"end":{"line":4,"column":67}},"3":{"start":{"line":5,"column":0},"end":{"line":5,"column":65}},"4":{"start":{"line":8,"column":13},"end":{"line":50,"column":4}},"5":{"start":{"line":9,"column":2},"end":{"line":49,"column":3}},"6":{"start":{"line":10,"column":4},"end":{"line":10,"column":53}},"7":{"start":{"line":10,"column":17},"end":{"line":10,"column":53}},"8":{"start":{"line":11,"column":20},"end":{"line":11,"column":41}},"9":{"start":{"line":13,"column":21},"end":{"line":13,"column":134}},"10":{"start":{"line":14,"column":4},"end":{"line":14,"column":54}},"11":{"start":{"line":14,"column":19},"end":{"line":14,"column":54}},"12":{"start":{"line":16,"column":17},"end":{"line":30,"column":null}},"13":{"start":{"line":33,"column":29},"end":{"line":36,"column":7}},"14":{"start":{"line":33,"column":45},"end":{"line":35,"column":null}},"15":{"start":{"line":38,"column":28},"end":{"line":40,"column":9}},"16":{"start":{"line":39,"column":48},"end":{"line":39,"column":55}},"17":{"start":{"line":42,"column":6},"end":{"line":44,"column":13}},"18":{"start":{"line":43,"column":45},"end":{"line":43,"column":77}},"19":{"start":{"line":46,"column":4},"end":{"line":46,"column":102}},"20":{"start":{"line":48,"column":4},"end":{"line":48,"column":28}}},"fnMap":{"0":{"name":"(anonymous_0)","decl":{"start":{"line":8,"column":57},"end":{"line":8,"column":62}},"loc":{"start":{"line":8,"column":141},"end":{"line":50,"column":1}}},"1":{"name":"(anonymous_1)","decl":{"start":{"line":33,"column":38},"end":{"line":33,"column":39}},"loc":{"start":{"line":33,"column":45},"end":{"line":35,"column":null}}},"2":{"name":"(anonymous_2)","decl":{"start":{"line":39,"column":41},"end":{"line":39,"column":42}},"loc":{"start":{"line":39,"column":48},"end":{"line":39,"column":55}}},"3":{"name":"(anonymous_3)","decl":{"start":{"line":43,"column":35},"end":{"line":43,"column":36}},"loc":{"start":{"line":43,"column":45},"end":{"line":43,"column":77}}}},"branchMap":{"0":{"loc":{"start":{"line":10,"column":4},"end":{"line":10,"column":53}},"type":"if","locations":[{"start":{"line":10,"column":4},"end":{"line":10,"column":53}}]},"1":{"loc":{"start":{"line":11,"column":20},"end":{"line":11,"column":41}},"type":"cond-expr","locations":[{"start":{"line":11,"column":35},"end":{"line":11,"column":39}},{"start":{"line":11,"column":39},"end":{"line":11,"column":41}}]},"2":{"loc":{"start":{"line":11,"column":20},"end":{"line":11,"column":39}},"type":"binary-expr","locations":[{"start":{"line":11,"column":20},"end":{"line":11,"column":39}},{"start":{"line":11,"column":35},"end":{"line":11,"column":39}}]},"3":{"loc":{"start":{"line":11,"column":20},"end":{"line":11,"column":35}},"type":"cond-expr","locations":[{"start":{"line":11,"column":26},"end":{"line":11,"column":28}},{"start":{"line":11,"column":20},"end":{"line":11,"column":35}}]},"4":{"loc":{"start":{"line":11,"column":20},"end":{"line":11,"column":28}},"type":"binary-expr","locations":[{"start":{"line":11,"column":20},"end":{"line":11,"column":28}},{"start":{"line":11,"column":20},"end":{"line":11,"column":28}}]},"5":{"loc":{"start":{"line":14,"column":4},"end":{"line":14,"column":54}},"type":"if","locations":[{"start":{"line":14,"column":4},"end":{"line":14,"column":54}}]},"6":{"loc":{"start":{"line":35,"column":22},"end":{"line":35,"column":82}},"type":"cond-expr","locations":[{"start":{"line":35,"column":36},"end":{"line":35,"column":76}},{"start":{"line":35,"column":79},"end":{"line":35,"column":82}}]},"7":{"loc":{"start":{"line":38,"column":28},"end":{"line":40,"column":9}},"type":"cond-expr","locations":[{"start":{"line":39,"column":8},"end":{"line":39,"column":57}},{"start":{"line":40,"column":8},"end":{"line":40,"column":9}}]},"8":{"loc":{"start":{"line":42,"column":6},"end":{"line":44,"column":13}},"type":"cond-expr","locations":[{"start":{"line":43,"column":10},"end":{"line":43,"column":119}},{"start":{"line":44,"column":10},"end":{"line":44,"column":13}}]}},"s":{"0":0,"1":0,"2":0,"3":0,"4":0,"5":0,"6":0,"7":0,"8":0,"9":0,"10":0,"11":0,"12":0,"13":0,"14":0,"15":0,"16":0,"17":0,"18":0,"19":0,"20":0},"f":{"0":0,"1":0,"2":0,"3":0},"b":{"0":[0],"1":[0,0],"2":[0,0],"3":[0,0],"4":[0,0],"5":[0],"6":[0,0],"7":[0,0],"8":[0,0]}}
[...]
,"/home/adebayo/Desktop/Educore/educore-nextjs/lib/services/email.ts": {"path":"/home/adebayo/Desktop/Educore/educore-nextjs/lib/services/email.ts","statementMap":{"0":{"start":{"line":17,"column":0},"end":{"line":17,"column":7}},"1":{"start":{"line":22,"column":0},"end":{"line":22,"column":7}},"2":{"start":{"line":49,"column":0},"end":{"line":49,"column":7}},"3":{"start":{"line":1,"column":0},"end":{"line":1,"column":36}},"4":{"start":{"line":4,"column":2},"end":{"line":12,"column":5}},"5":{"start":{"line":15,"column":13},"end":{"line":15,"column":68}},"6":{"start":{"line":18,"column":22},"end":{"line":18,"column":39}},"7":{"start":{"line":19,"column":2},"end":{"line":19,"column":64}},"8":{"start":{"line":27,"column":2},"end":{"line":46,"column":4}},"9":{"start":{"line":55,"column":2},"end":{"line":76,"column":4}}},"fnMap":{"0":{"name":"createTransport","decl":{"start":{"line":3,"column":9},"end":{"line":3,"column":24}},"loc":{"start":{"line":3,"column":24},"end":{"line":13,"column":1}}},"1":{"name":"sendEmail","decl":{"start":{"line":17,"column":22},"end":{"line":17,"column":31}},"loc":{"start":{"line":17,"column":73},"end":{"line":20,"column":1}}},"2":{"name":"sendPasswordResetEmail","decl":{"start":{"line":22,"column":22},"end":{"line":22,"column":44}},"loc":{"start":{"line":25,"column":18},"end":{"line":47,"column":1}}},"3":{"name":"sendWelcomeEmail","decl":{"start":{"line":49,"column":22},"end":{"line":49,"column":38}},"loc":{"start":{"line":53,"column":26},"end":{"line":77,"column":1}}}},"branchMap":{"0":{"loc":{"start":{"line":5,"column":10},"end":{"line":5,"column":51}},"type":"cond-expr","locations":[{"start":{"line":5,"column":31},"end":{"line":5,"column":35}},{"start":{"line":5,"column":35},"end":{"line":5,"column":51}}]},"1":{"loc":{"start":{"line":5,"column":10},"end":{"line":5,"column":35}},"type":"binary-expr","locations":[{"start":{"line":5,"column":10},"end":{"line":5,"column":35}},{"start":{"line":5,"column":31},"end":{"line":5,"column":35}}]},"2":{"loc":{"start":{"line":6,"column":17},"end":{"line":6,"column":45}},"type":"cond-expr","locations":[{"start":{"line":6,"column":38},"end":{"line":6,"column":42}},{"start":{"line":6,"column":42},"end":{"line":6,"column":45}}]},"3":{"loc":{"start":{"line":6,"column":17},"end":{"line":6,"column":42}},"type":"binary-expr","locations":[{"start":{"line":6,"column":17},"end":{"line":6,"column":42}},{"start":{"line":6,"column":38},"end":{"line":6,"column":42}}]},"4":{"loc":{"start":{"line":15,"column":13},"end":{"line":15,"column":68}},"type":"cond-expr","locations":[{"start":{"line":15,"column":34},"end":{"line":15,"column":38}},{"start":{"line":15,"column":38},"end":{"line":15,"column":68}}]},"5":{"loc":{"start":{"line":15,"column":13},"end":{"line":15,"column":38}},"type":"binary-expr","locations":[{"start":{"line":15,"column":13},"end":{"line":15,"column":38}},{"start":{"line":15,"column":34},"end":{"line":15,"column":38}}]},"6":{"loc":{"start":{"line":62,"column":8},"end":{"line":65,"column":12}},"type":"cond-expr","locations":[{"start":{"line":63,"column":10},"end":{"line":64,"column":null}},{"start":{"line":65,"column":10},"end":{"line":65,"column":12}}]},"7":{"loc":{"start":{"line":67,"column":19},"end":{"line":67,"column":78}},"type":"cond-expr","locations":[{"start":{"line":67,"column":50},"end":{"line":67,"column":54}},{"start":{"line":67,"column":54},"end":{"line":67,"column":78}}]},"8":{"loc":{"start":{"line":67,"column":19},"end":{"line":67,"column":54}},"type":"binary-expr","locations":[{"start":{"line":67,"column":19},"end":{"line":67,"column":54}},{"start":{"line":67,"column":50},"end":{"line":67,"column":54}}]}},"s":{"0":0,"1":0,"2":0,"3":0,"4":0,"5":0,"6":0,"7":0,"8":0,"9":0},"f":{"0":0,"1":0,"2":0,"3":0},"b":{"0":[0,0],"1":[0,0],"2":[0,0],"3":[0,0],"4":[0,0],"5":[0,0],"6":[0,0],"7":[0,0],"8":[0,0]}}
,"/home/adebayo/Desktop/Educore/educore-nextjs/lib/services/seedServices.ts": {"path":"/home/adebayo/Desktop/Educore/educore-nextjs/lib/services/seedServices.ts","statementMap":{"0":{"start":{"line":5,"column":0},"end":{"line":5,"column":7}},"1":{"start":{"line":34,"column":0},"end":{"line":34,"column":7}},"2":{"start":{"line":1,"column":0},"end":{"line":1,"column":51}},"3":{"start":{"line":2,"column":0},"end":{"line":2,"column":60}},"4":{"start":{"line":6,"column":2},"end":{"line":30,"column":3}},"5":{"start":{"line":7,"column":21},"end":{"line":7,"column":85}},"6":{"start":{"line":8,"column":4},"end":{"line":29,"column":5}},"7":{"start":{"line":9,"column":6},"end":{"line":18,"column":8}},"8":{"start":{"line":20,"column":6},"end":{"line":28,"column":8}},"9":{"start":{"line":38,"column":21},"end":{"line":38,"column":67}},"10":{"start":{"line":38,"column":51},"end":{"line":38,"column":66}},"11":{"start":{"line":39,"column":2},"end":{"line":52,"column":3}},"12":{"start":{"line":40,"column":21},"end":{"line":42,"column":null}},"13":{"start":{"line":44,"column":4},"end":{"line":51,"column":5}},"14":{"start":{"line":45,"column":17},"end":{"line":45,"column":36}},"15":{"start":{"line":46,"column":6},"end":{"line":50,"column":8}}},"fnMap":{"0":{"name":"seedServices","decl":{"start":{"line":5,"column":22},"end":{"line":5,"column":34}},"loc":{"start":{"line":5,"column":34},"end":{"line":31,"column":1}}},"1":{"name":"activateCompulsoryServices","decl":{"start":{"line":34,"column":22},"end":{"line":34,"column":48}},"loc":{"start":{"line":36,"column":21},"end":{"line":53,"column":1}}},"2":{"name":"(anonymous_2)","decl":{"start":{"line":38,"column":44},"end":{"line":38,"column":45}},"loc":{"start":{"line":38,"column":51},"end":{"line":38,"column":66}}}},"branchMap":{"0":{"loc":{"start":{"line":8,"column":4},"end":{"line":29,"column":5}},"type":"if","locations":[{"start":{"line":8,"column":4},"end":{"line":29,"column":5}},{"start":{"line":19,"column":11},"end":{"line":29,"column":5}}]},"1":{"loc":{"start":{"line":14,"column":47},"end":{"line":14,"column":72}},"type":"cond-expr","locations":[{"start":{"line":14,"column":67},"end":{"line":14,"column":68}},{"start":{"line":14,"column":71},"end":{"line":14,"column":72}}]},"2":{"loc":{"start":{"line":24,"column":55},"end":{"line":24,"column":80}},"type":"cond-expr","locations":[{"start":{"line":24,"column":75},"end":{"line":24,"column":76}},{"start":{"line":24,"column":79},"end":{"line":24,"column":80}}]},"3":{"loc":{"start":{"line":44,"column":4},"end":{"line":51,"column":5}},"type":"if","locations":[{"start":{"line":44,"column":4},"end":{"line":51,"column":5}}]}},"s":{"0":0,"1":0,"2":0,"3":0,"4":0,"5":0,"6":0,"7":0,"8":0,"9":0,"10":0,"11":0,"12":0,"13":0,"14":0,"15":0},"f":{"0":0,"1":0,"2":0},"b":{"0":[0,0],"1":[0,0],"2":[0,0],"3":[0]}}
,"/home/adebayo/Desktop/Educore/educore-nextjs/lib/services/payments/paystack.ts": {"path":"/home/adebayo/Desktop/Educore/educore-nextjs/lib/services/payments/paystack.ts","statementMap":{"0":{"start":{"line":47,"column":0},"end":{"line":47,"column":7}},"1":{"start":{"line":60,"column":0},"end":{"line":60,"column":7}},"2":{"start":{"line":1,"column":13},"end":{"line":1,"column":38}},"3":{"start":{"line":4,"column":14},"end":{"line":4,"column":45}},"4":{"start":{"line":5,"column":2},"end":{"line":5,"column":62}},"5":{"start":{"line":5,"column":12},"end":{"line":5,"column":62}},"6":{"start":{"line":6,"column":2},"end":{"line":6,"column":13}},"7":{"start":{"line":10,"column":14},"end":{"line":15,"column":null}},"8":{"start":{"line":18,"column":2},"end":{"line":18,"column":34}},"9":{"start":{"line":54,"column":2},"end":{"line":57,"column":5}},"10":{"start":{"line":61,"column":2},"end":{"line":61,"column":79}}},"fnMap":{"0":{"name":"secretKey","decl":{"start":{"line":3,"column":9},"end":{"line":3,"column":18}},"loc":{"start":{"line":3,"column":18},"end":{"line":7,"column":1}}},"1":{"name":"paystackFetch","decl":{"start":{"line":9,"column":15},"end":{"line":9,"column":28}},"loc":{"start":{"line":9,"column":68},"end":{"line":19,"column":1}}},"2":{"name":"initializeTransaction","decl":{"start":{"line":47,"column":22},"end":{"line":47,"column":43}},"loc":{"start":{"line":53,"column":1},"end":{"line":58,"column":1}}},"3":{"name":"verifyTransaction","decl":{"start":{"line":60,"column":22},"end":{"line":60,"column":39}},"loc":{"start":{"line":60,"column":57},"end":{"line":62,"column":1}}}},"branchMap":{"0":{"loc":{"start":{"line":5,"column":2},"end":{"line":5,"column":62}},"type":"if","locations":[{"start":{"line":5,"column":2},"end":{"line":5,"column":62}}]},"1":{"loc":{"start":{"line":9,"column":46},"end":{"line":9,"column":68}},"type":"default-arg","locations":[{"start":{"line":9,"column":66},"end":{"line":9,"column":68}}]}},"s":{"0":0,"1":0,"2":0,"3":0,"4":0,"5":0,"6":0,"7":0,"8":0,"9":0,"10":0},"f":{"0":0,"1":0,"2":0,"3":0},"b":{"0":[0],"1":[0]}}
,"/home/adebayo/Desktop/Educore/educore-nextjs/lib/utils/cookies.ts": {"path":"/home/adebayo/Desktop/Educore/educore-nextjs/lib/utils/cookies.ts","statementMap":{"0":{"start":{"line":8,"column":0},"end":{"line":8,"column":7}},"1":{"start":{"line":13,"column":0},"end":{"line":13,"column":16}},"2":{"start":{"line":24,"column":0},"end":{"line":24,"column":16}},"3":{"start":{"line":1,"column":0},"end":{"line":1,"column":39}},"4":{"start":{"line":4,"column":21},"end":{"line":4,"column":28}},"5":{"start":{"line":5,"column":19},"end":{"line":5,"column":38}},"6":{"start":{"line":6,"column":16},"end":{"line":6,"column":53}},"7":{"start":{"line":9,"column":22},"end":{"line":9,"column":37}},"8":{"start":{"line":10,"column":2},"end":{"line":10,"column":46}},"9":{"start":{"line":14,"column":2},"end":{"line":20,"column":5}},"10":{"start":{"line":21,"column":2},"end":{"line":21,"column":18}},"11":{"start":{"line":25,"column":2},"end":{"line":31,"column":5}},"12":{"start":{"line":32,"column":2},"end":{"line":32,"column":18}}},"fnMap":{"0":{"name":"getTokenFromCookies","decl":{"start":{"line":8,"column":22},"end":{"line":8,"column":41}},"loc":{"start":{"line":8,"column":41},"end":{"line":11,"column":1}}},"1":{"name":"setAuthCookie","decl":{"start":{"line":13,"column":16},"end":{"line":13,"column":29}},"loc":{"start":{"line":13,"column":67},"end":{"line":22,"column":1}}},"2":{"name":"clearAuthCookie","decl":{"start":{"line":24,"column":16},"end":{"line":24,"column":31}},"loc":{"start":{"line":24,"column":54},"end":{"line":33,"column":1}}}},"branchMap":{"0":{"loc":{"start":{"line":10,"column":9},"end":{"line":10,"column":45}},"type":"cond-expr","locations":[{"start":{"line":10,"column":38},"end":{"line":10,"column":40}},{"start":{"line":10,"column":38},"end":{"line":10,"column":45}}]},"1":{"loc":{"start":{"line":10,"column":9},"end":{"line":10,"column":40}},"type":"binary-expr","locations":[{"start":{"line":10,"column":9},"end":{"line":10,"column":40}},{"start":{"line":10,"column":38},"end":{"line":10,"column":40}}]},"2":{"loc":{"start":{"line":18,"column":14},"end":{"line":18,"column":38}},"type":"cond-expr","locations":[{"start":{"line":18,"column":24},"end":{"line":18,"column":30}},{"start":{"line":18,"column":33},"end":{"line":18,"column":38}}]},"3":{"loc":{"start":{"line":29,"column":14},"end":{"line":29,"column":38}},"type":"cond-expr","locations":[{"start":{"line":29,"column":24},"end":{"line":29,"column":30}},{"start":{"line":29,"column":33},"end":{"line":29,"column":38}}]}},"s":{"0":2,"1":2,"2":2,"3":2,"4":2,"5":2,"6":2,"7":0,"8":0,"9":4,"10":4,"11":0,"12":0},"f":{"0":0,"1":4,"2":0},"b":{"0":[0,0],"1":[0,0],"2":[0,4],"3":[0,0]}}
,"/home/adebayo/Desktop/Educore/educore-nextjs/lib/utils/id.ts": {"path":"/home/adebayo/Desktop/Educore/educore-nextjs/lib/utils/id.ts","statementMap":{"0":{"start":{"line":3,"column":0},"end":{"line":3,"column":16}},"1":{"start":{"line":1,"column":0},"end":{"line":1,"column":36}},"2":{"start":{"line":4,"column":2},"end":{"line":4,"column":18}}},"fnMap":{"0":{"name":"generateId","decl":{"start":{"line":3,"column":16},"end":{"line":3,"column":26}},"loc":{"start":{"line":3,"column":26},"end":{"line":5,"column":1}}}},"branchMap":{},"s":{"0":5,"1":5,"2":13},"f":{"0":13},"b":{}}
,"/home/adebayo/Desktop/Educore/educore-nextjs/lib/utils/jwt.ts": {"path":"/home/adebayo/Desktop/Educore/educore-nextjs/lib/utils/jwt.ts","statementMap":{"0":{"start":{"line":12,"column":0},"end":{"line":12,"column":16}},"1":{"start":{"line":18,"column":0},"end":{"line":18,"column":16}},"2":{"start":{"line":1,"column":0},"end":{"line":1,"column":31}},"3":{"start":{"line":3,"column":19},"end":{"line":3,"column":42}},"4":{"start":{"line":4,"column":23},"end":{"line":4,"column":57}},"5":{"start":{"line":13,"column":2},"end":{"line":15,"column":24}},"6":{"start":{"line":19,"column":2},"end":{"line":19,"column":53}}},"fnMap":{"0":{"name":"generateToken","decl":{"start":{"line":12,"column":16},"end":{"line":12,"column":29}},"loc":{"start":{"line":12,"column":44},"end":{"line":16,"column":1}}},"1":{"name":"verifyToken","decl":{"start":{"line":18,"column":16},"end":{"line":18,"column":27}},"loc":{"start":{"line":18,"column":41},"end":{"line":20,"column":1}}}},"branchMap":{"0":{"loc":{"start":{"line":4,"column":23},"end":{"line":4,"column":57}},"type":"binary-expr","locations":[{"start":{"line":4,"column":23},"end":{"line":4,"column":49}},{"start":{"line":4,"column":53},"end":{"line":4,"column":57}}]}},"s":{"0":7,"1":7,"2":7,"3":7,"4":7,"5":8,"6":21},"f":{"0":8,"1":21},"b":{"0":[7,7]}}
,"/home/adebayo/Desktop/Educore/educore-nextjs/lib/utils/password.ts": {"path":"/home/adebayo/Desktop/Educore/educore-nextjs/lib/utils/password.ts","statementMap":{"0":{"start":{"line":3,"column":0},"end":{"line":3,"column":7}},"1":{"start":{"line":7,"column":0},"end":{"line":7,"column":7}},"2":{"start":{"line":1,"column":0},"end":{"line":1,"column":30}},"3":{"start":{"line":4,"column":2},"end":{"line":4,"column":35}},"4":{"start":{"line":11,"column":2},"end":{"line":11,"column":39}}},"fnMap":{"0":{"name":"hashPassword","decl":{"start":{"line":3,"column":22},"end":{"line":3,"column":34}},"loc":{"start":{"line":3,"column":51},"end":{"line":5,"column":1}}},"1":{"name":"comparePassword","decl":{"start":{"line":7,"column":22},"end":{"line":7,"column":37}},"loc":{"start":{"line":9,"column":16},"end":{"line":12,"column":1}}}},"branchMap":{},"s":{"0":4,"1":4,"2":4,"3":14,"4":9},"f":{"0":14,"1":9},"b":{}}
,"/home/adebayo/Desktop/Educore/educore-nextjs/lib/utils/response.ts": {"path":"/home/adebayo/Desktop/Educore/educore-nextjs/lib/utils/response.ts","statementMap":{"0":{"start":{"line":3,"column":0},"end":{"line":3,"column":16}},"1":{"start":{"line":8,"column":0},"end":{"line":8,"column":16}},"2":{"start":{"line":24,"column":0},"end":{"line":24,"column":16}},"3":{"start":{"line":28,"column":0},"end":{"line":28,"column":16}},"4":{"start":{"line":32,"column":0},"end":{"line":32,"column":16}},"5":{"start":{"line":36,"column":0},"end":{"line":36,"column":16}},"6":{"start":{"line":40,"column":0},"end":{"line":40,"column":16}},"7":{"start":{"line":44,"column":0},"end":{"line":44,"column":16}},"8":{"start":{"line":48,"column":0},"end":{"line":48,"column":16}},"9":{"start":{"line":1,"column":0},"end":{"line":1,"column":43}},"10":{"start":{"line":4,"column":2},"end":{"line":4,"column":64}},"11":{"start":{"line":14,"column":14},"end":{"line":16,"column":null}},"12":{"start":{"line":18,"column":2},"end":{"line":18,"column":50}},"13":{"start":{"line":19,"column":2},"end":{"line":19,"column":42}},"14":{"start":{"line":20,"column":2},"end":{"line":20,"column":51}},"15":{"start":{"line":21,"column":2},"end":{"line":21,"column":13}},"16":{"start":{"line":25,"column":2},"end":{"line":25,"column":69}},"17":{"start":{"line":29,"column":2},"end":{"line":29,"column":57}},"18":{"start":{"line":33,"column":2},"end":{"line":33,"column":57}},"19":{"start":{"line":37,"column":2},"end":{"line":37,"column":57}},"20":{"start":{"line":41,"column":2},"end":{"line":41,"column":57}},"21":{"start":{"line":45,"column":2},"end":{"line":45,"column":57}},"22":{"start":{"line":50,"column":4},"end":{"line":50,"column":75}},"23":{"start":{"line":51,"column":2},"end":{"line":51,"column":57}}},"fnMap":{"0":{"name":"ok","decl":{"start":{"line":3,"column":16},"end":{"line":3,"column":18}},"loc":{"start":{"line":3,"column":43},"end":{"line":5,"column":1}}},"1":{"name":"okList","decl":{"start":{"line":8,"column":16},"end":{"line":8,"column":22}},"loc":{"start":{"line":12,"column":15},"end":{"line":22,"column":1}}},"2":{"name":"created","decl":{"start":{"line":24,"column":16},"end":{"line":24,"column":23}},"loc":{"start":{"line":24,"column":34},"end":{"line":26,"column":1}}},"3":{"name":"badRequest","decl":{"start":{"line":28,"column":16},"end":{"line":28,"column":26}},"loc":{"start":{"line":28,"column":42},"end":{"line":30,"column":1}}},"4":{"name":"unauthorized","decl":{"start":{"line":32,"column":16},"end":{"line":32,"column":28}},"loc":{"start":{"line":32,"column":69},"end":{"line":34,"column":1}}},"5":{"name":"forbidden","decl":{"start":{"line":36,"column":16},"end":{"line":36,"column":25}},"loc":{"start":{"line":36,"column":51},"end":{"line":38,"column":1}}},"6":{"name":"notFound","decl":{"start":{"line":40,"column":16},"end":{"line":40,"column":24}},"loc":{"start":{"line":40,"column":46},"end":{"line":42,"column":1}}},"7":{"name":"conflict","decl":{"start":{"line":44,"column":16},"end":{"line":44,"column":24}},"loc":{"start":{"line":44,"column":40},"end":{"line":46,"column":1}}},"8":{"name":"serverError","decl":{"start":{"line":48,"column":16},"end":{"line":48,"column":27}},"loc":{"start":{"line":48,"column":42},"end":{"line":52,"column":1}}}},"branchMap":{"0":{"loc":{"start":{"line":3,"column":31},"end":{"line":3,"column":43}},"type":"default-arg","locations":[{"start":{"line":3,"column":40},"end":{"line":3,"column":43}}]},"1":{"loc":{"start":{"line":11,"column":2},"end":{"line":11,"column":10}},"type":"default-arg","locations":[{"start":{"line":11,"column":9},"end":{"line":11,"column":10}}]},"2":{"loc":{"start":{"line":12,"column":2},"end":{"line":12,"column":15}},"type":"default-arg","locations":[{"start":{"line":12,"column":13},"end":{"line":12,"column":15}}]},"3":{"loc":{"start":{"line":32,"column":29},"end":{"line":32,"column":69}},"type":"default-arg","locations":[{"start":{"line":32,"column":39},"end":{"line":32,"column":69}}]},"4":{"loc":{"start":{"line":36,"column":26},"end":{"line":36,"column":51}},"type":"default-arg","locations":[{"start":{"line":36,"column":36},"end":{"line":36,"column":51}}]},"5":{"loc":{"start":{"line":40,"column":25},"end":{"line":40,"column":46}},"type":"default-arg","locations":[{"start":{"line":40,"column":35},"end":{"line":40,"column":46}}]},"6":{"loc":{"start":{"line":50,"column":4},"end":{"line":50,"column":75}},"type":"cond-expr","locations":[{"start":{"line":50,"column":29},"end":{"line":50,"column":42}},{"start":{"line":50,"column":45},"end":{"line":50,"column":75}}]}},"s":{"0":7,"1":7,"2":7,"3":7,"4":7,"5":7,"6":7,"7":7,"8":7,"9":7,"10":10,"11":1,"12":1,"13":1,"14":1,"15":1,"16":2,"17":12,"18":6,"19":1,"20":1,"21":3,"22":2,"23":2},"f":{"0":10,"1":1,"2":2,"3":12,"4":6,"5":1,"6":1,"7":3,"8":2},"b":{"0":[9],"1":[0],"2":[0],"3":[5],"4":[0],"5":[1],"6":[1,1]}}
}
